{"meta": {"format": 3, "version": "7.13.4", "timestamp": "2026-04-25T21:41:14.304726", "branch_coverage": false, "show_contexts": false}, "files": {"agents\\__init__.py": {"executed_lines": [], "summary": {"covered_lines": 0, "num_statements": 3, "percent_covered": 0.0, "percent_covered_display": "0", "missing_lines": 3, "excluded_lines": 0, "percent_statements_covered": 0.0, "percent_statements_covered_display": "0"}, "missing_lines": [1, 2, 4], "excluded_lines": [], "functions": {"": {"executed_lines": [], "summary": {"covered_lines": 0, "num_statements": 3, "percent_covered": 0.0, "percent_covered_display": "0", "missing_lines": 3, "excluded_lines": 0, "percent_statements_covered": 0.0, "percent_statements_covered_display": "0"}, "missing_lines": [1, 2, 4], "excluded_lines": [], "start_line": 1}}, "classes": {"": {"executed_lines": [], "summary": {"covered_lines": 0, "num_statements": 3, "percent_covered": 0.0, "percent_covered_display": "0", "missing_lines": 3, "excluded_lines": 0, "percent_statements_covered": 0.0, "percent_statements_covered_display": "0"}, "missing_lines": [1, 2, 4], "excluded_lines": [], "start_line": 1}}}, "agents\\base_agent.py": {"executed_lines": [], "summary": {"covered_lines": 0, "num_statements": 342, "percent_covered": 0.0, "percent_covered_display": "0", "missing_lines": 342, "excluded_lines": 17, "percent_statements_covered": 0.0, "percent_statements_covered_display": "0"}, "missing_lines": [11, 12, 13, 14, 15, 16, 17, 18, 20, 21, 22, 24, 25, 26, 33, 35, 56, 57, 58, 61, 69, 70, 72, 73, 74, 75, 76, 77, 80, 81, 82, 83, 84, 85, 86, 87, 88, 89, 90, 91, 93, 94, 97, 98, 99, 100, 101, 102, 105, 112, 118, 119, 121, 122, 123, 124, 125, 126, 127, 128, 129, 132, 134, 139, 140, 141, 142, 143, 146, 152, 155, 156, 157, 159, 160, 161, 162, 165, 166, 167, 168, 169, 170, 171, 172, 173, 174, 177, 178, 179, 180, 181, 182, 183, 184, 185, 186, 189, 200, 209, 210, 211, 212, 213, 214, 217, 218, 219, 220, 226, 227, 228, 229, 234, 237, 238, 243, 244, 265, 280, 281, 282, 283, 286, 291, 292, 293, 294, 295, 296, 297, 298, 306, 307, 308, 309, 310, 311, 314, 318, 324, 327, 328, 329, 330, 337, 338, 339, 340, 341, 342, 343, 345, 346, 357, 358, 359, 360, 363, 364, 367, 375, 376, 377, 380, 381, 389, 395, 396, 397, 400, 401, 404, 412, 413, 414, 415, 420, 421, 423, 426, 427, 428, 429, 430, 431, 432, 434, 445, 446, 447, 448, 449, 450, 451, 453, 455, 456, 458, 468, 469, 471, 476, 477, 478, 479, 480, 481, 485, 486, 491, 492, 494, 495, 496, 497, 498, 504, 514, 529, 530, 533, 534, 535, 536, 539, 540, 541, 550, 555, 556, 558, 559, 563, 564, 566, 568, 570, 571, 573, 574, 576, 577, 578, 579, 580, 581, 582, 589, 595, 597, 608, 616, 618, 619, 620, 621, 623, 624, 626, 627, 628, 629, 630, 639, 640, 642, 652, 666, 667, 670, 671, 677, 682, 683, 684, 685, 686, 687, 691, 692, 696, 697, 698, 699, 700, 701, 702, 708, 718, 729, 730, 732, 733, 734, 735, 737, 738, 747, 748, 750, 751, 758, 781, 782, 783, 784, 785, 787, 790, 791, 797, 800, 801, 802, 806, 807, 808, 809, 810, 816, 819, 820, 821, 822, 823, 824, 825, 830, 831, 832, 839, 846, 854, 855, 856, 857, 860, 861, 863, 868, 870], "excluded_lines": [246, 247, 248, 249, 250, 251, 252, 253, 254, 255, 256, 257, 258, 260, 261, 262, 263], "functions": {"_is_transient_error": {"executed_lines": [], "summary": {"covered_lines": 0, "num_statements": 28, "percent_covered": 0.0, "percent_covered_display": "0", "missing_lines": 28, "excluded_lines": 0, "percent_statements_covered": 0.0, "percent_statements_covered_display": "0"}, "missing_lines": [69, 70, 72, 73, 74, 75, 76, 77, 80, 81, 82, 83, 84, 85, 86, 87, 88, 89, 90, 91, 93, 94, 97, 98, 99, 100, 101, 102], "excluded_lines": [], "start_line": 61}, "_get_proxy": {"executed_lines": [], "summary": {"covered_lines": 0, "num_statements": 12, "percent_covered": 0.0, "percent_covered_display": "0", "missing_lines": 12, "excluded_lines": 0, "percent_statements_covered": 0.0, "percent_statements_covered_display": "0"}, "missing_lines": [112, 118, 119, 121, 122, 123, 124, 125, 126, 127, 128, 129], "excluded_lines": [], "start_line": 105}, "_is_no_proxy": {"executed_lines": [], "summary": {"covered_lines": 0, "num_statements": 6, "percent_covered": 0.0, "percent_covered_display": "0", "missing_lines": 6, "excluded_lines": 0, "percent_statements_covered": 0.0, "percent_statements_covered_display": "0"}, "missing_lines": [134, 139, 140, 141, 142, 143], "excluded_lines": [], "start_line": 132}, "_get_ssl_verify": {"executed_lines": [], "summary": {"covered_lines": 0, "num_statements": 7, "percent_covered": 0.0, "percent_covered_display": "0", "missing_lines": 7, "excluded_lines": 0, "percent_statements_covered": 0.0, "percent_statements_covered_display": "0"}, "missing_lines": [155, 156, 157, 159, 160, 161, 162], "excluded_lines": [], "start_line": 152}, "_make_sync_httpx_client": {"executed_lines": [], "summary": {"covered_lines": 0, "num_statements": 9, "percent_covered": 0.0, "percent_covered_display": "0", "missing_lines": 9, "excluded_lines": 0, "percent_statements_covered": 0.0, "percent_statements_covered_display": "0"}, "missing_lines": [166, 167, 168, 169, 170, 171, 172, 173, 174], "excluded_lines": [], "start_line": 165}, "_make_async_httpx_client": {"executed_lines": [], "summary": {"covered_lines": 0, "num_statements": 9, "percent_covered": 0.0, "percent_covered_display": "0", "missing_lines": 9, "excluded_lines": 0, "percent_statements_covered": 0.0, "percent_statements_covered_display": "0"}, "missing_lines": [178, 179, 180, 181, 182, 183, 184, 185, 186], "excluded_lines": [], "start_line": 177}, "BaseAgent.__init__": {"executed_lines": [], "summary": {"covered_lines": 0, "num_statements": 19, "percent_covered": 0.0, "percent_covered_display": "0", "missing_lines": 19, "excluded_lines": 0, "percent_statements_covered": 0.0, "percent_statements_covered_display": "0"}, "missing_lines": [209, 210, 211, 212, 213, 214, 217, 218, 219, 220, 226, 227, 228, 229, 234, 237, 238, 243, 244], "excluded_lines": [], "start_line": 200}, "BaseAgent.execute": {"executed_lines": [], "summary": {"covered_lines": 0, "num_statements": 0, "percent_covered": 100.0, "percent_covered_display": "100", "missing_lines": 0, "excluded_lines": 11, "percent_statements_covered": 100.0, "percent_statements_covered_display": "100"}, "missing_lines": [], "excluded_lines": [248, 249, 250, 251, 252, 253, 254, 255, 256, 257, 258], "start_line": 247}, "BaseAgent.get_system_prompt": {"executed_lines": [], "summary": {"covered_lines": 0, "num_statements": 0, "percent_covered": 100.0, "percent_covered_display": "100", "missing_lines": 0, "excluded_lines": 2, "percent_statements_covered": 100.0, "percent_statements_covered_display": "100"}, "missing_lines": [], "excluded_lines": [262, 263], "start_line": 261}, "BaseAgent.call_llm": {"executed_lines": [], "summary": {"covered_lines": 0, "num_statements": 68, "percent_covered": 0.0, "percent_covered_display": "0", "missing_lines": 68, "excluded_lines": 0, "percent_statements_covered": 0.0, "percent_statements_covered_display": "0"}, "missing_lines": [280, 281, 282, 283, 286, 291, 292, 293, 294, 295, 296, 297, 298, 306, 307, 308, 309, 310, 311, 314, 318, 324, 327, 328, 329, 330, 337, 338, 339, 340, 341, 342, 343, 345, 346, 357, 358, 359, 360, 363, 364, 367, 375, 376, 377, 380, 381, 389, 395, 396, 397, 400, 401, 404, 412, 413, 414, 415, 420, 421, 423, 426, 427, 428, 429, 430, 431, 432], "excluded_lines": [], "start_line": 265}, "BaseAgent._call_model": {"executed_lines": [], "summary": {"covered_lines": 0, "num_statements": 10, "percent_covered": 0.0, "percent_covered_display": "0", "missing_lines": 10, "excluded_lines": 0, "percent_statements_covered": 0.0, "percent_statements_covered_display": "0"}, "missing_lines": [445, 446, 447, 448, 449, 450, 451, 453, 455, 456], "excluded_lines": [], "start_line": 434}, "BaseAgent._call_anthropic": {"executed_lines": [], "summary": {"covered_lines": 0, "num_statements": 19, "percent_covered": 0.0, "percent_covered_display": "0", "missing_lines": 19, "excluded_lines": 0, "percent_statements_covered": 0.0, "percent_statements_covered_display": "0"}, "missing_lines": [468, 469, 471, 476, 477, 478, 479, 480, 481, 485, 486, 491, 492, 494, 495, 496, 497, 498, 504], "excluded_lines": [], "start_line": 458}, "BaseAgent._call_deepseek": {"executed_lines": [], "summary": {"covered_lines": 0, "num_statements": 32, "percent_covered": 0.0, "percent_covered_display": "0", "missing_lines": 32, "excluded_lines": 0, "percent_statements_covered": 0.0, "percent_statements_covered_display": "0"}, "missing_lines": [529, 530, 533, 534, 535, 536, 539, 540, 541, 550, 555, 556, 558, 559, 563, 564, 566, 568, 570, 571, 573, 574, 576, 577, 578, 579, 580, 581, 582, 589, 595, 597], "excluded_lines": [], "start_line": 514}, "BaseAgent._call_ollama": {"executed_lines": [], "summary": {"covered_lines": 0, "num_statements": 15, "percent_covered": 0.0, "percent_covered_display": "0", "missing_lines": 15, "excluded_lines": 0, "percent_statements_covered": 0.0, "percent_statements_covered_display": "0"}, "missing_lines": [616, 618, 619, 620, 621, 623, 624, 626, 627, 628, 629, 630, 639, 640, 642], "excluded_lines": [], "start_line": 608}, "BaseAgent._call_glm_anthropic": {"executed_lines": [], "summary": {"covered_lines": 0, "num_statements": 21, "percent_covered": 0.0, "percent_covered_display": "0", "missing_lines": 21, "excluded_lines": 0, "percent_statements_covered": 0.0, "percent_statements_covered_display": "0"}, "missing_lines": [666, 667, 670, 671, 677, 682, 683, 684, 685, 686, 687, 691, 692, 696, 697, 698, 699, 700, 701, 702, 708], "excluded_lines": [], "start_line": 652}, "BaseAgent._call_glm": {"executed_lines": [], "summary": {"covered_lines": 0, "num_statements": 12, "percent_covered": 0.0, "percent_covered_display": "0", "missing_lines": 12, "excluded_lines": 0, "percent_statements_covered": 0.0, "percent_statements_covered_display": "0"}, "missing_lines": [729, 730, 732, 733, 734, 735, 737, 738, 747, 748, 750, 751], "excluded_lines": [], "start_line": 718}, "BaseAgent.call_llm_with_tools": {"executed_lines": [], "summary": {"covered_lines": 0, "num_statements": 36, "percent_covered": 0.0, "percent_covered_display": "0", "missing_lines": 36, "excluded_lines": 0, "percent_statements_covered": 0.0, "percent_statements_covered_display": "0"}, "missing_lines": [781, 782, 783, 784, 785, 787, 790, 791, 797, 800, 801, 802, 806, 807, 808, 809, 810, 816, 819, 820, 821, 822, 823, 824, 825, 830, 831, 832, 839, 846, 854, 855, 856, 857, 860, 861], "excluded_lines": [], "start_line": 758}, "BaseAgent.log": {"executed_lines": [], "summary": {"covered_lines": 0, "num_statements": 2, "percent_covered": 0.0, "percent_covered_display": "0", "missing_lines": 2, "excluded_lines": 0, "percent_statements_covered": 0.0, "percent_statements_covered_display": "0"}, "missing_lines": [868, 870], "excluded_lines": [], "start_line": 863}, "": {"executed_lines": [], "summary": {"covered_lines": 0, "num_statements": 37, "percent_covered": 0.0, "percent_covered_display": "0", "missing_lines": 37, "excluded_lines": 4, "percent_statements_covered": 0.0, "percent_statements_covered_display": "0"}, "missing_lines": [11, 12, 13, 14, 15, 16, 17, 18, 20, 21, 22, 24, 25, 26, 33, 35, 56, 57, 58, 61, 105, 132, 146, 152, 165, 177, 189, 200, 265, 434, 458, 514, 608, 652, 718, 758, 863], "excluded_lines": [246, 247, 260, 261], "start_line": 1}}, "classes": {"BaseAgent": {"executed_lines": [], "summary": {"covered_lines": 0, "num_statements": 234, "percent_covered": 0.0, "percent_covered_display": "0", "missing_lines": 234, "excluded_lines": 13, "percent_statements_covered": 0.0, "percent_statements_covered_display": "0"}, "missing_lines": [209, 210, 211, 212, 213, 214, 217, 218, 219, 220, 226, 227, 228, 229, 234, 237, 238, 243, 244, 280, 281, 282, 283, 286, 291, 292, 293, 294, 295, 296, 297, 298, 306, 307, 308, 309, 310, 311, 314, 318, 324, 327, 328, 329, 330, 337, 338, 339, 340, 341, 342, 343, 345, 346, 357, 358, 359, 360, 363, 364, 367, 375, 376, 377, 380, 381, 389, 395, 396, 397, 400, 401, 404, 412, 413, 414, 415, 420, 421, 423, 426, 427, 428, 429, 430, 431, 432, 445, 446, 447, 448, 449, 450, 451, 453, 455, 456, 468, 469, 471, 476, 477, 478, 479, 480, 481, 485, 486, 491, 492, 494, 495, 496, 497, 498, 504, 529, 530, 533, 534, 535, 536, 539, 540, 541, 550, 555, 556, 558, 559, 563, 564, 566, 568, 570, 571, 573, 574, 576, 577, 578, 579, 580, 581, 582, 589, 595, 597, 616, 618, 619, 620, 621, 623, 624, 626, 627, 628, 629, 630, 639, 640, 642, 666, 667, 670, 671, 677, 682, 683, 684, 685, 686, 687, 691, 692, 696, 697, 698, 699, 700, 701, 702, 708, 729, 730, 732, 733, 734, 735, 737, 738, 747, 748, 750, 751, 781, 782, 783, 784, 785, 787, 790, 791, 797, 800, 801, 802, 806, 807, 808, 809, 810, 816, 819, 820, 821, 822, 823, 824, 825, 830, 831, 832, 839, 846, 854, 855, 856, 857, 860, 861, 868, 870], "excluded_lines": [248, 249, 250, 251, 252, 253, 254, 255, 256, 257, 258, 262, 263], "start_line": 189}, "": {"executed_lines": [], "summary": {"covered_lines": 0, "num_statements": 108, "percent_covered": 0.0, "percent_covered_display": "0", "missing_lines": 108, "excluded_lines": 4, "percent_statements_covered": 0.0, "percent_statements_covered_display": "0"}, "missing_lines": [11, 12, 13, 14, 15, 16, 17, 18, 20, 21, 22, 24, 25, 26, 33, 35, 56, 57, 58, 61, 69, 70, 72, 73, 74, 75, 76, 77, 80, 81, 82, 83, 84, 85, 86, 87, 88, 89, 90, 91, 93, 94, 97, 98, 99, 100, 101, 102, 105, 112, 118, 119, 121, 122, 123, 124, 125, 126, 127, 128, 129, 132, 134, 139, 140, 141, 142, 143, 146, 152, 155, 156, 157, 159, 160, 161, 162, 165, 166, 167, 168, 169, 170, 171, 172, 173, 174, 177, 178, 179, 180, 181, 182, 183, 184, 185, 186, 189, 200, 265, 434, 458, 514, 608, 652, 718, 758, 863], "excluded_lines": [246, 247, 260, 261], "start_line": 1}}}, "agents\\code_agent.py": {"executed_lines": [], "summary": {"covered_lines": 0, "num_statements": 362, "percent_covered": 0.0, "percent_covered_display": "0", "missing_lines": 362, "excluded_lines": 0, "percent_statements_covered": 0.0, "percent_statements_covered_display": "0"}, "missing_lines": [9, 10, 11, 12, 14, 15, 16, 17, 18, 19, 22, 23, 24, 25, 26, 28, 30, 75, 78, 79, 85, 86, 87, 88, 89, 90, 92, 94, 95, 97, 98, 99, 100, 103, 104, 105, 106, 107, 108, 110, 111, 118, 119, 121, 128, 130, 131, 132, 133, 136, 137, 138, 139, 140, 141, 143, 144, 145, 148, 149, 150, 151, 152, 155, 156, 160, 163, 168, 169, 170, 173, 174, 175, 180, 181, 182, 183, 184, 187, 188, 224, 225, 228, 229, 230, 231, 232, 233, 234, 237, 238, 239, 240, 241, 244, 245, 246, 247, 248, 250, 254, 255, 256, 257, 262, 263, 269, 270, 271, 273, 274, 275, 277, 286, 298, 301, 302, 305, 309, 310, 315, 316, 327, 394, 395, 405, 406, 407, 408, 409, 410, 412, 414, 426, 427, 428, 429, 431, 439, 440, 441, 444, 445, 446, 447, 448, 449, 450, 451, 456, 458, 459, 460, 462, 465, 466, 467, 469, 470, 471, 472, 474, 475, 477, 479, 480, 481, 483, 484, 485, 486, 487, 488, 490, 491, 496, 497, 498, 499, 500, 501, 504, 505, 506, 509, 510, 511, 512, 514, 515, 516, 517, 519, 524, 525, 526, 527, 528, 530, 531, 532, 533, 534, 536, 537, 538, 539, 540, 542, 543, 544, 545, 546, 548, 549, 550, 552, 553, 554, 555, 556, 557, 558, 559, 560, 562, 563, 565, 566, 567, 568, 569, 570, 571, 572, 573, 574, 575, 576, 577, 578, 579, 581, 583, 584, 585, 590, 609, 610, 629, 631, 632, 633, 658, 660, 661, 663, 664, 665, 666, 673, 674, 680, 688, 690, 985, 987, 1039, 1041, 1042, 1044, 1045, 1049, 1050, 1052, 1053, 1054, 1061, 1062, 1064, 1065, 1066, 1073, 1074, 1076, 1077, 1078, 1084, 1086, 1088, 1089, 1091, 1092, 1093, 1096, 1097, 1099, 1100, 1108, 1109, 1111, 1112, 1113, 1114, 1115, 1116, 1118, 1119, 1120, 1122, 1124, 1137, 1138, 1139, 1140, 1141, 1142, 1143, 1145, 1147, 1149, 1155, 1157, 1163, 1165, 1167, 1170, 1171, 1177, 1196, 1198, 1199, 1200, 1202, 1204, 1220, 1221, 1226, 1227, 1228, 1230, 1232, 1248, 1253, 1255, 1257, 1258, 1259, 1262, 1263, 1264, 1266, 1267, 1269, 1270, 1271, 1272, 1274, 1276, 1277, 1278, 1279], "excluded_lines": [], "functions": {"CodeAgent.__init__": {"executed_lines": [], "summary": {"covered_lines": 0, "num_statements": 8, "percent_covered": 0.0, "percent_covered_display": "0", "missing_lines": 8, "excluded_lines": 0, "percent_statements_covered": 0.0, "percent_statements_covered_display": "0"}, "missing_lines": [79, 85, 86, 87, 88, 89, 90, 92], "excluded_lines": [], "start_line": 78}, "CodeAgent.get_system_prompt": {"executed_lines": [], "summary": {"covered_lines": 0, "num_statements": 1, "percent_covered": 0.0, "percent_covered_display": "0", "missing_lines": 1, "excluded_lines": 0, "percent_statements_covered": 0.0, "percent_statements_covered_display": "0"}, "missing_lines": [95], "excluded_lines": [], "start_line": 94}, "CodeAgent.execute": {"executed_lines": [], "summary": {"covered_lines": 0, "num_statements": 83, "percent_covered": 0.0, "percent_covered_display": "0", "missing_lines": 83, "excluded_lines": 0, "percent_statements_covered": 0.0, "percent_statements_covered_display": "0"}, "missing_lines": [98, 99, 100, 103, 104, 105, 106, 107, 108, 110, 111, 118, 119, 121, 128, 130, 131, 132, 133, 136, 137, 138, 139, 140, 141, 143, 144, 145, 148, 149, 150, 151, 152, 155, 156, 160, 163, 168, 169, 170, 173, 174, 175, 180, 181, 182, 183, 184, 187, 188, 224, 225, 228, 229, 230, 231, 232, 233, 234, 237, 238, 239, 240, 241, 244, 245, 246, 247, 248, 250, 254, 255, 256, 257, 262, 263, 269, 270, 271, 273, 274, 275, 277], "excluded_lines": [], "start_line": 97}, "CodeAgent._generate_enhanced_review": {"executed_lines": [], "summary": {"covered_lines": 0, "num_statements": 18, "percent_covered": 0.0, "percent_covered_display": "0", "missing_lines": 18, "excluded_lines": 0, "percent_statements_covered": 0.0, "percent_statements_covered_display": "0"}, "missing_lines": [298, 301, 302, 305, 309, 310, 315, 316, 327, 394, 395, 405, 406, 407, 408, 409, 410, 412], "excluded_lines": [], "start_line": 286}, "CodeAgent._validate_ci_workflow": {"executed_lines": [], "summary": {"covered_lines": 0, "num_statements": 110, "percent_covered": 0.0, "percent_covered_display": "0", "missing_lines": 110, "excluded_lines": 0, "percent_statements_covered": 0.0, "percent_statements_covered_display": "0"}, "missing_lines": [426, 427, 428, 429, 431, 439, 440, 441, 444, 445, 446, 447, 448, 449, 450, 451, 456, 458, 459, 460, 462, 465, 466, 467, 469, 470, 471, 472, 474, 475, 477, 479, 480, 481, 483, 484, 485, 486, 487, 488, 490, 491, 496, 497, 498, 499, 500, 501, 504, 505, 506, 509, 510, 511, 512, 514, 515, 516, 517, 519, 524, 525, 526, 527, 528, 530, 531, 532, 533, 534, 536, 537, 538, 539, 540, 542, 543, 544, 545, 546, 548, 549, 550, 552, 553, 554, 555, 556, 557, 558, 559, 560, 562, 563, 565, 566, 567, 568, 569, 570, 571, 572, 573, 574, 575, 576, 577, 578, 579, 581], "excluded_lines": [], "start_line": 414}, "CodeAgent._build_git_summary": {"executed_lines": [], "summary": {"covered_lines": 0, "num_statements": 5, "percent_covered": 0.0, "percent_covered_display": "0", "missing_lines": 5, "excluded_lines": 0, "percent_statements_covered": 0.0, "percent_statements_covered_display": "0"}, "missing_lines": [584, 585, 590, 609, 610], "excluded_lines": [], "start_line": 583}, "CodeAgent._build_drivers_makefile": {"executed_lines": [], "summary": {"covered_lines": 0, "num_statements": 3, "percent_covered": 0.0, "percent_covered_display": "0", "missing_lines": 3, "excluded_lines": 0, "percent_statements_covered": 0.0, "percent_statements_covered_display": "0"}, "missing_lines": [631, 632, 633], "excluded_lines": [], "start_line": 629}, "CodeAgent._build_test_main": {"executed_lines": [], "summary": {"covered_lines": 0, "num_statements": 9, "percent_covered": 0.0, "percent_covered_display": "0", "missing_lines": 9, "excluded_lines": 0, "percent_statements_covered": 0.0, "percent_statements_covered_display": "0"}, "missing_lines": [660, 661, 663, 664, 665, 666, 673, 674, 680], "excluded_lines": [], "start_line": 658}, "CodeAgent._build_github_ci_workflow": {"executed_lines": [], "summary": {"covered_lines": 0, "num_statements": 1, "percent_covered": 0.0, "percent_covered_display": "0", "missing_lines": 1, "excluded_lines": 0, "percent_statements_covered": 0.0, "percent_statements_covered_display": "0"}, "missing_lines": [690], "excluded_lines": [], "start_line": 688}, "CodeAgent._build_arm_toolchain_cmake": {"executed_lines": [], "summary": {"covered_lines": 0, "num_statements": 1, "percent_covered": 0.0, "percent_covered_display": "0", "missing_lines": 1, "excluded_lines": 0, "percent_statements_covered": 0.0, "percent_statements_covered_display": "0"}, "missing_lines": [987], "excluded_lines": [], "start_line": 985}, "CodeAgent._extract_components": {"executed_lines": [], "summary": {"covered_lines": 0, "num_statements": 20, "percent_covered": 0.0, "percent_covered_display": "0", "missing_lines": 20, "excluded_lines": 0, "percent_statements_covered": 0.0, "percent_statements_covered_display": "0"}, "missing_lines": [1041, 1042, 1044, 1045, 1049, 1050, 1052, 1053, 1054, 1061, 1062, 1064, 1065, 1066, 1073, 1074, 1076, 1077, 1078, 1084], "excluded_lines": [], "start_line": 1039}, "CodeAgent._extract_registers": {"executed_lines": [], "summary": {"covered_lines": 0, "num_statements": 30, "percent_covered": 0.0, "percent_covered_display": "0", "missing_lines": 30, "excluded_lines": 0, "percent_statements_covered": 0.0, "percent_statements_covered_display": "0"}, "missing_lines": [1088, 1089, 1091, 1092, 1093, 1096, 1097, 1099, 1100, 1108, 1109, 1111, 1112, 1113, 1114, 1115, 1116, 1118, 1119, 1120, 1122, 1124, 1137, 1138, 1139, 1140, 1141, 1142, 1143, 1145], "excluded_lines": [], "start_line": 1086}, "CodeAgent._default_components": {"executed_lines": [], "summary": {"covered_lines": 0, "num_statements": 1, "percent_covered": 0.0, "percent_covered_display": "0", "missing_lines": 1, "excluded_lines": 0, "percent_statements_covered": 0.0, "percent_statements_covered_display": "0"}, "missing_lines": [1149], "excluded_lines": [], "start_line": 1147}, "CodeAgent._default_registers": {"executed_lines": [], "summary": {"covered_lines": 0, "num_statements": 1, "percent_covered": 0.0, "percent_covered_display": "0", "missing_lines": 1, "excluded_lines": 0, "percent_statements_covered": 0.0, "percent_statements_covered_display": "0"}, "missing_lines": [1157], "excluded_lines": [], "start_line": 1155}, "CodeAgent._generate_review_report": {"executed_lines": [], "summary": {"covered_lines": 0, "num_statements": 9, "percent_covered": 0.0, "percent_covered_display": "0", "missing_lines": 9, "excluded_lines": 0, "percent_statements_covered": 0.0, "percent_statements_covered_display": "0"}, "missing_lines": [1165, 1167, 1170, 1171, 1177, 1196, 1198, 1199, 1200], "excluded_lines": [], "start_line": 1163}, "CodeAgent._llm_review": {"executed_lines": [], "summary": {"covered_lines": 0, "num_statements": 6, "percent_covered": 0.0, "percent_covered_display": "0", "missing_lines": 6, "excluded_lines": 0, "percent_statements_covered": 0.0, "percent_statements_covered_display": "0"}, "missing_lines": [1204, 1220, 1221, 1226, 1227, 1228], "excluded_lines": [], "start_line": 1202}, "CodeAgent._generate_review": {"executed_lines": [], "summary": {"covered_lines": 0, "num_statements": 3, "percent_covered": 0.0, "percent_covered_display": "0", "missing_lines": 3, "excluded_lines": 0, "percent_statements_covered": 0.0, "percent_statements_covered_display": "0"}, "missing_lines": [1232, 1248, 1253], "excluded_lines": [], "start_line": 1230}, "CodeAgent._parse_and_save_files": {"executed_lines": [], "summary": {"covered_lines": 0, "num_statements": 13, "percent_covered": 0.0, "percent_covered_display": "0", "missing_lines": 13, "excluded_lines": 0, "percent_statements_covered": 0.0, "percent_statements_covered_display": "0"}, "missing_lines": [1257, 1258, 1259, 1262, 1263, 1264, 1266, 1267, 1269, 1270, 1271, 1272, 1274], "excluded_lines": [], "start_line": 1255}, "CodeAgent._load_file": {"executed_lines": [], "summary": {"covered_lines": 0, "num_statements": 3, "percent_covered": 0.0, "percent_covered_display": "0", "missing_lines": 3, "excluded_lines": 0, "percent_statements_covered": 0.0, "percent_statements_covered_display": "0"}, "missing_lines": [1277, 1278, 1279], "excluded_lines": [], "start_line": 1276}, "": {"executed_lines": [], "summary": {"covered_lines": 0, "num_statements": 37, "percent_covered": 0.0, "percent_covered_display": "0", "missing_lines": 37, "excluded_lines": 0, "percent_statements_covered": 0.0, "percent_statements_covered_display": "0"}, "missing_lines": [9, 10, 11, 12, 14, 15, 16, 17, 18, 19, 22, 23, 24, 25, 26, 28, 30, 75, 78, 94, 97, 286, 414, 583, 629, 658, 688, 985, 1039, 1086, 1147, 1155, 1163, 1202, 1230, 1255, 1276], "excluded_lines": [], "start_line": 1}}, "classes": {"CodeAgent": {"executed_lines": [], "summary": {"covered_lines": 0, "num_statements": 325, "percent_covered": 0.0, "percent_covered_display": "0", "missing_lines": 325, "excluded_lines": 0, "percent_statements_covered": 0.0, "percent_statements_covered_display": "0"}, "missing_lines": [79, 85, 86, 87, 88, 89, 90, 92, 95, 98, 99, 100, 103, 104, 105, 106, 107, 108, 110, 111, 118, 119, 121, 128, 130, 131, 132, 133, 136, 137, 138, 139, 140, 141, 143, 144, 145, 148, 149, 150, 151, 152, 155, 156, 160, 163, 168, 169, 170, 173, 174, 175, 180, 181, 182, 183, 184, 187, 188, 224, 225, 228, 229, 230, 231, 232, 233, 234, 237, 238, 239, 240, 241, 244, 245, 246, 247, 248, 250, 254, 255, 256, 257, 262, 263, 269, 270, 271, 273, 274, 275, 277, 298, 301, 302, 305, 309, 310, 315, 316, 327, 394, 395, 405, 406, 407, 408, 409, 410, 412, 426, 427, 428, 429, 431, 439, 440, 441, 444, 445, 446, 447, 448, 449, 450, 451, 456, 458, 459, 460, 462, 465, 466, 467, 469, 470, 471, 472, 474, 475, 477, 479, 480, 481, 483, 484, 485, 486, 487, 488, 490, 491, 496, 497, 498, 499, 500, 501, 504, 505, 506, 509, 510, 511, 512, 514, 515, 516, 517, 519, 524, 525, 526, 527, 528, 530, 531, 532, 533, 534, 536, 537, 538, 539, 540, 542, 543, 544, 545, 546, 548, 549, 550, 552, 553, 554, 555, 556, 557, 558, 559, 560, 562, 563, 565, 566, 567, 568, 569, 570, 571, 572, 573, 574, 575, 576, 577, 578, 579, 581, 584, 585, 590, 609, 610, 631, 632, 633, 660, 661, 663, 664, 665, 666, 673, 674, 680, 690, 987, 1041, 1042, 1044, 1045, 1049, 1050, 1052, 1053, 1054, 1061, 1062, 1064, 1065, 1066, 1073, 1074, 1076, 1077, 1078, 1084, 1088, 1089, 1091, 1092, 1093, 1096, 1097, 1099, 1100, 1108, 1109, 1111, 1112, 1113, 1114, 1115, 1116, 1118, 1119, 1120, 1122, 1124, 1137, 1138, 1139, 1140, 1141, 1142, 1143, 1145, 1149, 1157, 1165, 1167, 1170, 1171, 1177, 1196, 1198, 1199, 1200, 1204, 1220, 1221, 1226, 1227, 1228, 1232, 1248, 1253, 1257, 1258, 1259, 1262, 1263, 1264, 1266, 1267, 1269, 1270, 1271, 1272, 1274, 1277, 1278, 1279], "excluded_lines": [], "start_line": 75}, "": {"executed_lines": [], "summary": {"covered_lines": 0, "num_statements": 37, "percent_covered": 0.0, "percent_covered_display": "0", "missing_lines": 37, "excluded_lines": 0, "percent_statements_covered": 0.0, "percent_statements_covered_display": "0"}, "missing_lines": [9, 10, 11, 12, 14, 15, 16, 17, 18, 19, 22, 23, 24, 25, 26, 28, 30, 75, 78, 94, 97, 286, 414, 583, 629, 658, 688, 985, 1039, 1086, 1147, 1155, 1163, 1202, 1230, 1255, 1276], "excluded_lines": [], "start_line": 1}}}, "agents\\compliance_agent.py": {"executed_lines": [], "summary": {"covered_lines": 0, "num_statements": 35, "percent_covered": 0.0, "percent_covered_display": "0", "missing_lines": 35, "excluded_lines": 0, "percent_statements_covered": 0.0, "percent_statements_covered_display": "0"}, "missing_lines": [8, 9, 11, 13, 15, 17, 42, 45, 46, 53, 54, 56, 57, 58, 59, 62, 63, 64, 65, 68, 69, 70, 71, 73, 74, 80, 97, 102, 103, 104, 107, 108, 110, 112, 114], "excluded_lines": [], "functions": {"ComplianceAgent.__init__": {"executed_lines": [], "summary": {"covered_lines": 0, "num_statements": 1, "percent_covered": 0.0, "percent_covered_display": "0", "missing_lines": 1, "excluded_lines": 0, "percent_statements_covered": 0.0, "percent_statements_covered_display": "0"}, "missing_lines": [46], "excluded_lines": [], "start_line": 45}, "ComplianceAgent.get_system_prompt": {"executed_lines": [], "summary": {"covered_lines": 0, "num_statements": 1, "percent_covered": 0.0, "percent_covered_display": "0", "missing_lines": 1, "excluded_lines": 0, "percent_statements_covered": 0.0, "percent_statements_covered_display": "0"}, "missing_lines": [54], "excluded_lines": [], "start_line": 53}, "ComplianceAgent.execute": {"executed_lines": [], "summary": {"covered_lines": 0, "num_statements": 23, "percent_covered": 0.0, "percent_covered_display": "0", "missing_lines": 23, "excluded_lines": 0, "percent_statements_covered": 0.0, "percent_statements_covered_display": "0"}, "missing_lines": [57, 58, 59, 62, 63, 64, 65, 68, 69, 70, 71, 73, 74, 80, 97, 102, 103, 104, 107, 108, 110, 112, 114], "excluded_lines": [], "start_line": 56}, "": {"executed_lines": [], "summary": {"covered_lines": 0, "num_statements": 10, "percent_covered": 0.0, "percent_covered_display": "0", "missing_lines": 10, "excluded_lines": 0, "percent_statements_covered": 0.0, "percent_statements_covered_display": "0"}, "missing_lines": [8, 9, 11, 13, 15, 17, 42, 45, 53, 56], "excluded_lines": [], "start_line": 1}}, "classes": {"ComplianceAgent": {"executed_lines": [], "summary": {"covered_lines": 0, "num_statements": 25, "percent_covered": 0.0, "percent_covered_display": "0", "missing_lines": 25, "excluded_lines": 0, "percent_statements_covered": 0.0, "percent_statements_covered_display": "0"}, "missing_lines": [46, 54, 57, 58, 59, 62, 63, 64, 65, 68, 69, 70, 71, 73, 74, 80, 97, 102, 103, 104, 107, 108, 110, 112, 114], "excluded_lines": [], "start_line": 42}, "": {"executed_lines": [], "summary": {"covered_lines": 0, "num_statements": 10, "percent_covered": 0.0, "percent_covered_display": "0", "missing_lines": 10, "excluded_lines": 0, "percent_statements_covered": 0.0, "percent_statements_covered_display": "0"}, "missing_lines": [8, 9, 11, 13, 15, 17, 42, 45, 53, 56], "excluded_lines": [], "start_line": 1}}}, "agents\\critic.py": {"executed_lines": [], "summary": {"covered_lines": 0, "num_statements": 95, "percent_covered": 0.0, "percent_covered_display": "0", "missing_lines": 95, "excluded_lines": 0, "percent_statements_covered": 0.0, "percent_statements_covered_display": "0"}, "missing_lines": [43, 45, 47, 52, 60, 61, 62, 63, 64, 65, 66, 69, 76, 85, 96, 97, 100, 101, 112, 113, 125, 128, 137, 138, 139, 140, 141, 142, 152, 153, 154, 155, 156, 171, 180, 181, 182, 184, 185, 201, 202, 203, 204, 205, 206, 207, 208, 209, 213, 214, 228, 231, 232, 233, 234, 235, 236, 237, 238, 239, 240, 241, 244, 250, 251, 252, 253, 254, 255, 256, 257, 258, 268, 269, 279, 282, 306, 307, 309, 312, 317, 324, 325, 326, 327, 334, 340, 346, 349, 351, 352, 353, 354, 355, 356], "excluded_lines": [], "functions": {"_as_float": {"executed_lines": [], "summary": {"covered_lines": 0, "num_statements": 6, "percent_covered": 0.0, "percent_covered_display": "0", "missing_lines": 6, "excluded_lines": 0, "percent_statements_covered": 0.0, "percent_statements_covered_display": "0"}, "missing_lines": [61, 62, 63, 64, 65, 66], "excluded_lines": [], "start_line": 60}, "_issue": {"executed_lines": [], "summary": {"covered_lines": 0, "num_statements": 1, "percent_covered": 0.0, "percent_covered_display": "0", "missing_lines": 1, "excluded_lines": 0, "percent_statements_covered": 0.0, "percent_statements_covered_display": "0"}, "missing_lines": [76], "excluded_lines": [], "start_line": 69}, "_compare_scalar": {"executed_lines": [], "summary": {"covered_lines": 0, "num_statements": 7, "percent_covered": 0.0, "percent_covered_display": "0", "missing_lines": 7, "excluded_lines": 0, "percent_statements_covered": 0.0, "percent_statements_covered_display": "0"}, "missing_lines": [96, 97, 100, 101, 112, 113, 125], "excluded_lines": [], "start_line": 85}, "_compare_numeric": {"executed_lines": [], "summary": {"covered_lines": 0, "num_statements": 11, "percent_covered": 0.0, "percent_covered_display": "0", "missing_lines": 11, "excluded_lines": 0, "percent_statements_covered": 0.0, "percent_statements_covered_display": "0"}, "missing_lines": [137, 138, 139, 140, 141, 142, 152, 153, 154, 155, 156], "excluded_lines": [], "start_line": 128}, "_compare_bom": {"executed_lines": [], "summary": {"covered_lines": 0, "num_statements": 17, "percent_covered": 0.0, "percent_covered_display": "0", "missing_lines": 17, "excluded_lines": 0, "percent_statements_covered": 0.0, "percent_statements_covered_display": "0"}, "missing_lines": [180, 181, 182, 184, 185, 201, 202, 203, 204, 205, 206, 207, 208, 209, 213, 214, 228], "excluded_lines": [], "start_line": 171}, "_normalise_citations": {"executed_lines": [], "summary": {"covered_lines": 0, "num_statements": 10, "percent_covered": 0.0, "percent_covered_display": "0", "missing_lines": 10, "excluded_lines": 0, "percent_statements_covered": 0.0, "percent_statements_covered_display": "0"}, "missing_lines": [232, 233, 234, 235, 236, 237, 238, 239, 240, 241], "excluded_lines": [], "start_line": 231}, "_compare_citations": {"executed_lines": [], "summary": {"covered_lines": 0, "num_statements": 12, "percent_covered": 0.0, "percent_covered_display": "0", "missing_lines": 12, "excluded_lines": 0, "percent_statements_covered": 0.0, "percent_statements_covered_display": "0"}, "missing_lines": [250, 251, 252, 253, 254, 255, 256, 257, 258, 268, 269, 279], "excluded_lines": [], "start_line": 244}, "compare_designs": {"executed_lines": [], "summary": {"covered_lines": 0, "num_statements": 12, "percent_covered": 0.0, "percent_covered_display": "0", "missing_lines": 12, "excluded_lines": 0, "percent_statements_covered": 0.0, "percent_statements_covered_display": "0"}, "missing_lines": [306, 307, 309, 312, 317, 324, 325, 326, 327, 334, 340, 346], "excluded_lines": [], "start_line": 282}, "summarise": {"executed_lines": [], "summary": {"covered_lines": 0, "num_statements": 6, "percent_covered": 0.0, "percent_covered_display": "0", "missing_lines": 6, "excluded_lines": 0, "percent_statements_covered": 0.0, "percent_statements_covered_display": "0"}, "missing_lines": [351, 352, 353, 354, 355, 356], "excluded_lines": [], "start_line": 349}, "": {"executed_lines": [], "summary": {"covered_lines": 0, "num_statements": 13, "percent_covered": 0.0, "percent_covered_display": "0", "missing_lines": 13, "excluded_lines": 0, "percent_statements_covered": 0.0, "percent_statements_covered_display": "0"}, "missing_lines": [43, 45, 47, 52, 60, 69, 85, 128, 171, 231, 244, 282, 349], "excluded_lines": [], "start_line": 1}}, "classes": {"": {"executed_lines": [], "summary": {"covered_lines": 0, "num_statements": 95, "percent_covered": 0.0, "percent_covered_display": "0", "missing_lines": 95, "excluded_lines": 0, "percent_statements_covered": 0.0, "percent_statements_covered_display": "0"}, "missing_lines": [43, 45, 47, 52, 60, 61, 62, 63, 64, 65, 66, 69, 76, 85, 96, 97, 100, 101, 112, 113, 125, 128, 137, 138, 139, 140, 141, 142, 152, 153, 154, 155, 156, 171, 180, 181, 182, 184, 185, 201, 202, 203, 204, 205, 206, 207, 208, 209, 213, 214, 228, 231, 232, 233, 234, 235, 236, 237, 238, 239, 240, 241, 244, 250, 251, 252, 253, 254, 255, 256, 257, 258, 268, 269, 279, 282, 306, 307, 309, 312, 317, 324, 325, 326, 327, 334, 340, 346, 349, 351, 352, 353, 354, 355, 356], "excluded_lines": [], "start_line": 1}}}, "agents\\critic_agent.py": {"executed_lines": [], "summary": {"covered_lines": 0, "num_statements": 56, "percent_covered": 0.0, "percent_covered_display": "0", "missing_lines": 56, "excluded_lines": 0, "percent_statements_covered": 0.0, "percent_statements_covered_display": "0"}, "missing_lines": [28, 30, 31, 32, 34, 36, 39, 57, 60, 62, 63, 64, 65, 66, 67, 68, 69, 70, 71, 75, 77, 78, 79, 80, 83, 88, 89, 90, 91, 92, 103, 106, 133, 134, 137, 138, 139, 140, 141, 142, 143, 144, 145, 146, 147, 149, 158, 159, 165, 166, 167, 169, 170, 171, 172, 173], "excluded_lines": [], "functions": {"parse_critic_response": {"executed_lines": [], "summary": {"covered_lines": 0, "num_statements": 15, "percent_covered": 0.0, "percent_covered_display": "0", "missing_lines": 15, "excluded_lines": 0, "percent_statements_covered": 0.0, "percent_statements_covered_display": "0"}, "missing_lines": [62, 63, 64, 65, 66, 67, 68, 69, 70, 71, 75, 77, 78, 79, 80], "excluded_lines": [], "start_line": 60}, "disagreements_to_issues": {"executed_lines": [], "summary": {"covered_lines": 0, "num_statements": 6, "percent_covered": 0.0, "percent_covered_display": "0", "missing_lines": 6, "excluded_lines": 0, "percent_statements_covered": 0.0, "percent_statements_covered_display": "0"}, "missing_lines": [88, 89, 90, 91, 92, 103], "excluded_lines": [], "start_line": 83}, "run_critic": {"executed_lines": [], "summary": {"covered_lines": 0, "num_statements": 24, "percent_covered": 0.0, "percent_covered_display": "0", "missing_lines": 24, "excluded_lines": 0, "percent_statements_covered": 0.0, "percent_statements_covered_display": "0"}, "missing_lines": [133, 134, 137, 138, 139, 140, 141, 142, 143, 144, 145, 146, 147, 149, 158, 159, 165, 166, 167, 169, 170, 171, 172, 173], "excluded_lines": [], "start_line": 106}, "": {"executed_lines": [], "summary": {"covered_lines": 0, "num_statements": 11, "percent_covered": 0.0, "percent_covered_display": "0", "missing_lines": 11, "excluded_lines": 0, "percent_statements_covered": 0.0, "percent_statements_covered_display": "0"}, "missing_lines": [28, 30, 31, 32, 34, 36, 39, 57, 60, 83, 106], "excluded_lines": [], "start_line": 1}}, "classes": {"": {"executed_lines": [], "summary": {"covered_lines": 0, "num_statements": 56, "percent_covered": 0.0, "percent_covered_display": "0", "missing_lines": 56, "excluded_lines": 0, "percent_statements_covered": 0.0, "percent_statements_covered_display": "0"}, "missing_lines": [28, 30, 31, 32, 34, 36, 39, 57, 60, 62, 63, 64, 65, 66, 67, 68, 69, 70, 71, 75, 77, 78, 79, 80, 83, 88, 89, 90, 91, 92, 103, 106, 133, 134, 137, 138, 139, 140, 141, 142, 143, 144, 145, 146, 147, 149, 158, 159, 165, 166, 167, 169, 170, 171, 172, 173], "excluded_lines": [], "start_line": 1}}}, "agents\\document_agent.py": {"executed_lines": [], "summary": {"covered_lines": 0, "num_statements": 116, "percent_covered": 0.0, "percent_covered_display": "0", "missing_lines": 116, "excluded_lines": 0, "percent_statements_covered": 0.0, "percent_statements_covered_display": "0"}, "missing_lines": [8, 9, 10, 11, 13, 14, 15, 17, 19, 89, 92, 93, 99, 101, 102, 104, 105, 106, 107, 110, 111, 112, 113, 115, 116, 123, 135, 136, 137, 138, 139, 143, 144, 145, 146, 154, 162, 163, 172, 180, 188, 189, 191, 197, 203, 206, 208, 307, 324, 325, 327, 334, 335, 336, 338, 339, 343, 347, 348, 349, 350, 354, 366, 368, 369, 370, 371, 372, 373, 374, 375, 376, 378, 379, 382, 383, 387, 390, 391, 392, 393, 394, 395, 396, 397, 398, 399, 400, 401, 403, 404, 405, 408, 409, 410, 413, 414, 415, 417, 419, 420, 421, 423, 425, 426, 427, 428, 429, 430, 435, 436, 437, 439, 441, 442, 443], "excluded_lines": [], "functions": {"DocumentAgent.__init__": {"executed_lines": [], "summary": {"covered_lines": 0, "num_statements": 2, "percent_covered": 0.0, "percent_covered_display": "0", "missing_lines": 2, "excluded_lines": 0, "percent_statements_covered": 0.0, "percent_statements_covered_display": "0"}, "missing_lines": [93, 99], "excluded_lines": [], "start_line": 92}, "DocumentAgent.get_system_prompt": {"executed_lines": [], "summary": {"covered_lines": 0, "num_statements": 1, "percent_covered": 0.0, "percent_covered_display": "0", "missing_lines": 1, "excluded_lines": 0, "percent_statements_covered": 0.0, "percent_statements_covered_display": "0"}, "missing_lines": [102], "excluded_lines": [], "start_line": 101}, "DocumentAgent.execute": {"executed_lines": [], "summary": {"covered_lines": 0, "num_statements": 27, "percent_covered": 0.0, "percent_covered_display": "0", "missing_lines": 27, "excluded_lines": 0, "percent_statements_covered": 0.0, "percent_statements_covered_display": "0"}, "missing_lines": [105, 106, 107, 110, 111, 112, 113, 115, 116, 123, 135, 136, 137, 138, 139, 143, 144, 145, 146, 154, 162, 163, 172, 180, 188, 189, 191], "excluded_lines": [], "start_line": 104}, "DocumentAgent._generate_hrs": {"executed_lines": [], "summary": {"covered_lines": 0, "num_statements": 31, "percent_covered": 0.0, "percent_covered_display": "0", "missing_lines": 31, "excluded_lines": 0, "percent_statements_covered": 0.0, "percent_statements_covered_display": "0"}, "missing_lines": [203, 206, 208, 307, 324, 325, 327, 382, 383, 387, 390, 391, 392, 393, 394, 395, 396, 397, 398, 399, 400, 401, 403, 404, 405, 408, 409, 410, 413, 414, 415], "excluded_lines": [], "start_line": 197}, "DocumentAgent._generate_hrs._generate_section": {"executed_lines": [], "summary": {"covered_lines": 0, "num_statements": 23, "percent_covered": 0.0, "percent_covered_display": "0", "missing_lines": 23, "excluded_lines": 0, "percent_statements_covered": 0.0, "percent_statements_covered_display": "0"}, "missing_lines": [334, 335, 336, 338, 339, 343, 347, 348, 349, 350, 354, 366, 368, 369, 370, 371, 372, 373, 374, 375, 376, 378, 379], "excluded_lines": [], "start_line": 327}, "DocumentAgent._load_file": {"executed_lines": [], "summary": {"covered_lines": 0, "num_statements": 3, "percent_covered": 0.0, "percent_covered_display": "0", "missing_lines": 3, "excluded_lines": 0, "percent_statements_covered": 0.0, "percent_statements_covered_display": "0"}, "missing_lines": [419, 420, 421], "excluded_lines": [], "start_line": 417}, "DocumentAgent._extract_requirements": {"executed_lines": [], "summary": {"covered_lines": 0, "num_statements": 9, "percent_covered": 0.0, "percent_covered_display": "0", "missing_lines": 9, "excluded_lines": 0, "percent_statements_covered": 0.0, "percent_statements_covered_display": "0"}, "missing_lines": [425, 426, 427, 428, 429, 430, 435, 436, 437], "excluded_lines": [], "start_line": 423}, "DocumentAgent._extract_components": {"executed_lines": [], "summary": {"covered_lines": 0, "num_statements": 3, "percent_covered": 0.0, "percent_covered_display": "0", "missing_lines": 3, "excluded_lines": 0, "percent_statements_covered": 0.0, "percent_statements_covered_display": "0"}, "missing_lines": [441, 442, 443], "excluded_lines": [], "start_line": 439}, "": {"executed_lines": [], "summary": {"covered_lines": 0, "num_statements": 17, "percent_covered": 0.0, "percent_covered_display": "0", "missing_lines": 17, "excluded_lines": 0, "percent_statements_covered": 0.0, "percent_statements_covered_display": "0"}, "missing_lines": [8, 9, 10, 11, 13, 14, 15, 17, 19, 89, 92, 101, 104, 197, 417, 423, 439], "excluded_lines": [], "start_line": 1}}, "classes": {"DocumentAgent": {"executed_lines": [], "summary": {"covered_lines": 0, "num_statements": 99, "percent_covered": 0.0, "percent_covered_display": "0", "missing_lines": 99, "excluded_lines": 0, "percent_statements_covered": 0.0, "percent_statements_covered_display": "0"}, "missing_lines": [93, 99, 102, 105, 106, 107, 110, 111, 112, 113, 115, 116, 123, 135, 136, 137, 138, 139, 143, 144, 145, 146, 154, 162, 163, 172, 180, 188, 189, 191, 203, 206, 208, 307, 324, 325, 327, 334, 335, 336, 338, 339, 343, 347, 348, 349, 350, 354, 366, 368, 369, 370, 371, 372, 373, 374, 375, 376, 378, 379, 382, 383, 387, 390, 391, 392, 393, 394, 395, 396, 397, 398, 399, 400, 401, 403, 404, 405, 408, 409, 410, 413, 414, 415, 419, 420, 421, 425, 426, 427, 428, 429, 430, 435, 436, 437, 441, 442, 443], "excluded_lines": [], "start_line": 89}, "": {"executed_lines": [], "summary": {"covered_lines": 0, "num_statements": 17, "percent_covered": 0.0, "percent_covered_display": "0", "missing_lines": 17, "excluded_lines": 0, "percent_statements_covered": 0.0, "percent_statements_covered_display": "0"}, "missing_lines": [8, 9, 10, 11, 13, 14, 15, 17, 19, 89, 92, 101, 104, 197, 417, 423, 439], "excluded_lines": [], "start_line": 1}}}, "agents\\fpga_agent.py": {"executed_lines": [], "summary": {"covered_lines": 0, "num_statements": 547, "percent_covered": 0.0, "percent_covered_display": "0", "missing_lines": 547, "excluded_lines": 0, "percent_statements_covered": 0.0, "percent_statements_covered_display": "0"}, "missing_lines": [23, 24, 25, 26, 27, 29, 30, 32, 38, 119, 169, 191, 211, 231, 255, 321, 324, 325, 344, 345, 347, 348, 349, 350, 351, 354, 355, 356, 357, 358, 359, 361, 362, 363, 365, 417, 426, 431, 432, 433, 434, 435, 436, 438, 439, 440, 441, 442, 450, 454, 456, 461, 462, 467, 468, 472, 473, 474, 475, 476, 477, 479, 481, 488, 489, 490, 491, 492, 495, 499, 503, 507, 508, 509, 513, 514, 515, 516, 517, 521, 522, 523, 524, 525, 537, 538, 539, 540, 541, 542, 544, 546, 548, 549, 550, 551, 553, 554, 556, 557, 558, 560, 561, 562, 564, 565, 566, 569, 570, 571, 572, 574, 582, 583, 584, 585, 586, 587, 588, 590, 600, 601, 602, 603, 604, 605, 606, 607, 608, 610, 620, 621, 624, 638, 639, 646, 647, 653, 656, 657, 658, 659, 667, 668, 669, 670, 671, 672, 673, 676, 701, 707, 718, 719, 722, 723, 724, 725, 726, 727, 728, 731, 732, 733, 734, 735, 738, 739, 740, 741, 742, 743, 746, 760, 761, 769, 770, 777, 778, 784, 785, 791, 792, 798, 799, 804, 812, 824, 825, 833, 834, 835, 836, 837, 838, 839, 840, 841, 842, 843, 844, 845, 848, 849, 850, 851, 852, 855, 856, 857, 858, 859, 860, 861, 862, 863, 866, 867, 868, 869, 870, 871, 872, 873, 874, 875, 878, 879, 880, 881, 882, 883, 884, 885, 886, 887, 888, 889, 892, 893, 894, 895, 898, 899, 900, 901, 902, 905, 906, 907, 908, 909, 910, 911, 912, 913, 914, 915, 916, 917, 918, 919, 920, 921, 922, 923, 924, 927, 928, 929, 930, 931, 932, 933, 934, 935, 936, 937, 938, 939, 940, 941, 942, 943, 944, 945, 946, 947, 948, 949, 950, 951, 952, 953, 956, 957, 958, 959, 960, 961, 962, 963, 966, 967, 968, 969, 970, 971, 972, 973, 974, 975, 976, 977, 978, 979, 980, 981, 982, 983, 984, 985, 986, 987, 988, 989, 990, 991, 992, 994, 995, 996, 997, 998, 999, 1000, 1001, 1002, 1003, 1004, 1005, 1006, 1007, 1008, 1009, 1010, 1011, 1012, 1013, 1014, 1015, 1016, 1019, 1020, 1021, 1022, 1023, 1024, 1025, 1026, 1027, 1028, 1029, 1030, 1031, 1032, 1033, 1034, 1035, 1036, 1037, 1038, 1039, 1040, 1041, 1042, 1043, 1044, 1045, 1046, 1047, 1048, 1049, 1050, 1051, 1052, 1053, 1054, 1055, 1056, 1057, 1058, 1059, 1060, 1061, 1062, 1063, 1064, 1065, 1066, 1067, 1070, 1071, 1072, 1073, 1074, 1075, 1078, 1079, 1080, 1081, 1082, 1083, 1084, 1085, 1086, 1089, 1090, 1091, 1092, 1094, 1095, 1098, 1099, 1100, 1101, 1102, 1103, 1104, 1105, 1106, 1107, 1108, 1109, 1110, 1111, 1112, 1113, 1114, 1115, 1116, 1117, 1118, 1119, 1120, 1121, 1122, 1123, 1124, 1125, 1126, 1127, 1128, 1129, 1130, 1131, 1132, 1133, 1134, 1135, 1136, 1137, 1138, 1139, 1140, 1141, 1142, 1143, 1144, 1145, 1146, 1147, 1148, 1149, 1150, 1151, 1152, 1153, 1154, 1155, 1156, 1157, 1158, 1159, 1160, 1161, 1162, 1163, 1164, 1165, 1166, 1167, 1168, 1169, 1170, 1171, 1172, 1173, 1174, 1175, 1176, 1177, 1178, 1179, 1180, 1181, 1182, 1183, 1184, 1185, 1186, 1187, 1188, 1189, 1192, 1210, 1211, 1217, 1218, 1234, 1235, 1241, 1244, 1245, 1246, 1247, 1248, 1249, 1250, 1252, 1255, 1256, 1258, 1282, 1283, 1291, 1296, 1297, 1298, 1312, 1323, 1324, 1325, 1326, 1327, 1328, 1329], "excluded_lines": [], "functions": {"FpgaAgent.__init__": {"executed_lines": [], "summary": {"covered_lines": 0, "num_statements": 1, "percent_covered": 0.0, "percent_covered_display": "0", "missing_lines": 1, "excluded_lines": 0, "percent_statements_covered": 0.0, "percent_statements_covered_display": "0"}, "missing_lines": [325], "excluded_lines": [], "start_line": 324}, "FpgaAgent.get_system_prompt": {"executed_lines": [], "summary": {"covered_lines": 0, "num_statements": 1, "percent_covered": 0.0, "percent_covered_display": "0", "missing_lines": 1, "excluded_lines": 0, "percent_statements_covered": 0.0, "percent_statements_covered_display": "0"}, "missing_lines": [345], "excluded_lines": [], "start_line": 344}, "FpgaAgent.execute": {"executed_lines": [], "summary": {"covered_lines": 0, "num_statements": 89, "percent_covered": 0.0, "percent_covered_display": "0", "missing_lines": 89, "excluded_lines": 0, "percent_statements_covered": 0.0, "percent_statements_covered_display": "0"}, "missing_lines": [348, 349, 350, 351, 354, 355, 356, 357, 358, 359, 361, 362, 363, 365, 417, 426, 431, 432, 433, 434, 435, 436, 438, 439, 440, 441, 442, 450, 454, 456, 479, 481, 488, 489, 490, 491, 492, 495, 499, 503, 507, 508, 509, 513, 514, 515, 516, 517, 521, 522, 523, 524, 525, 537, 538, 539, 540, 541, 542, 544, 546, 548, 549, 550, 551, 553, 554, 556, 557, 558, 560, 561, 562, 564, 565, 566, 569, 570, 571, 572, 574, 582, 583, 584, 585, 586, 587, 588, 590], "excluded_lines": [], "start_line": 347}, "FpgaAgent.execute._gen_section": {"executed_lines": [], "summary": {"covered_lines": 0, "num_statements": 10, "percent_covered": 0.0, "percent_covered_display": "0", "missing_lines": 10, "excluded_lines": 0, "percent_statements_covered": 0.0, "percent_statements_covered_display": "0"}, "missing_lines": [461, 462, 467, 468, 472, 473, 474, 475, 476, 477], "excluded_lines": [], "start_line": 456}, "FpgaAgent._build_design_report": {"executed_lines": [], "summary": {"covered_lines": 0, "num_statements": 30, "percent_covered": 0.0, "percent_covered_display": "0", "missing_lines": 30, "excluded_lines": 0, "percent_statements_covered": 0.0, "percent_statements_covered_display": "0"}, "missing_lines": [601, 602, 603, 604, 605, 606, 607, 608, 610, 620, 621, 624, 638, 639, 646, 647, 653, 656, 657, 658, 659, 667, 668, 669, 670, 671, 672, 673, 676, 701], "excluded_lines": [], "start_line": 600}, "FpgaAgent._build_skeleton": {"executed_lines": [], "summary": {"covered_lines": 0, "num_statements": 388, "percent_covered": 0.0, "percent_covered_display": "0", "missing_lines": 388, "excluded_lines": 0, "percent_statements_covered": 0.0, "percent_statements_covered_display": "0"}, "missing_lines": [718, 719, 722, 723, 724, 725, 726, 727, 728, 731, 732, 733, 734, 735, 738, 739, 740, 741, 742, 743, 746, 760, 761, 769, 770, 777, 778, 784, 785, 791, 792, 798, 799, 804, 812, 824, 825, 833, 834, 835, 836, 837, 838, 839, 840, 841, 842, 843, 844, 845, 848, 849, 850, 851, 852, 855, 856, 857, 858, 859, 860, 861, 862, 863, 866, 867, 868, 869, 870, 871, 872, 873, 874, 875, 878, 879, 880, 881, 882, 883, 884, 885, 886, 887, 888, 889, 892, 893, 894, 895, 898, 899, 900, 901, 902, 905, 906, 907, 908, 909, 910, 911, 912, 913, 914, 915, 916, 917, 918, 919, 920, 921, 922, 923, 924, 927, 928, 929, 930, 931, 932, 933, 934, 935, 936, 937, 938, 939, 940, 941, 942, 943, 944, 945, 946, 947, 948, 949, 950, 951, 952, 953, 956, 957, 958, 959, 960, 961, 962, 963, 966, 967, 968, 969, 970, 971, 972, 973, 974, 975, 976, 977, 978, 979, 980, 981, 982, 983, 984, 985, 986, 987, 988, 989, 990, 991, 992, 994, 995, 996, 997, 998, 999, 1000, 1001, 1002, 1003, 1004, 1005, 1006, 1007, 1008, 1009, 1010, 1011, 1012, 1013, 1014, 1015, 1016, 1019, 1020, 1021, 1022, 1023, 1024, 1025, 1026, 1027, 1028, 1029, 1030, 1031, 1032, 1033, 1034, 1035, 1036, 1037, 1038, 1039, 1040, 1041, 1042, 1043, 1044, 1045, 1046, 1047, 1048, 1049, 1050, 1051, 1052, 1053, 1054, 1055, 1056, 1057, 1058, 1059, 1060, 1061, 1062, 1063, 1064, 1065, 1066, 1067, 1070, 1071, 1072, 1073, 1074, 1075, 1078, 1079, 1080, 1081, 1082, 1083, 1084, 1085, 1086, 1089, 1090, 1091, 1092, 1094, 1095, 1098, 1099, 1100, 1101, 1102, 1103, 1104, 1105, 1106, 1107, 1108, 1109, 1110, 1111, 1112, 1113, 1114, 1115, 1116, 1117, 1118, 1119, 1120, 1121, 1122, 1123, 1124, 1125, 1126, 1127, 1128, 1129, 1130, 1131, 1132, 1133, 1134, 1135, 1136, 1137, 1138, 1139, 1140, 1141, 1142, 1143, 1144, 1145, 1146, 1147, 1148, 1149, 1150, 1151, 1152, 1153, 1154, 1155, 1156, 1157, 1158, 1159, 1160, 1161, 1162, 1163, 1164, 1165, 1166, 1167, 1168, 1169, 1170, 1171, 1172, 1173, 1174, 1175, 1176, 1177, 1178, 1179, 1180, 1181, 1182, 1183, 1184, 1185, 1186, 1187, 1188, 1189, 1192, 1210, 1211, 1217, 1218, 1234, 1235, 1241, 1244, 1245, 1246, 1247, 1248, 1249, 1250, 1252, 1255, 1256, 1258, 1282, 1283, 1291, 1296, 1297, 1298, 1312], "excluded_lines": [], "start_line": 707}, "FpgaAgent._load_file": {"executed_lines": [], "summary": {"covered_lines": 0, "num_statements": 6, "percent_covered": 0.0, "percent_covered_display": "0", "missing_lines": 6, "excluded_lines": 0, "percent_statements_covered": 0.0, "percent_statements_covered_display": "0"}, "missing_lines": [1324, 1325, 1326, 1327, 1328, 1329], "excluded_lines": [], "start_line": 1323}, "": {"executed_lines": [], "summary": {"covered_lines": 0, "num_statements": 22, "percent_covered": 0.0, "percent_covered_display": "0", "missing_lines": 22, "excluded_lines": 0, "percent_statements_covered": 0.0, "percent_statements_covered_display": "0"}, "missing_lines": [23, 24, 25, 26, 27, 29, 30, 32, 38, 119, 169, 191, 211, 231, 255, 321, 324, 344, 347, 600, 707, 1323], "excluded_lines": [], "start_line": 1}}, "classes": {"FpgaAgent": {"executed_lines": [], "summary": {"covered_lines": 0, "num_statements": 525, "percent_covered": 0.0, "percent_covered_display": "0", "missing_lines": 525, "excluded_lines": 0, "percent_statements_covered": 0.0, "percent_statements_covered_display": "0"}, "missing_lines": [325, 345, 348, 349, 350, 351, 354, 355, 356, 357, 358, 359, 361, 362, 363, 365, 417, 426, 431, 432, 433, 434, 435, 436, 438, 439, 440, 441, 442, 450, 454, 456, 461, 462, 467, 468, 472, 473, 474, 475, 476, 477, 479, 481, 488, 489, 490, 491, 492, 495, 499, 503, 507, 508, 509, 513, 514, 515, 516, 517, 521, 522, 523, 524, 525, 537, 538, 539, 540, 541, 542, 544, 546, 548, 549, 550, 551, 553, 554, 556, 557, 558, 560, 561, 562, 564, 565, 566, 569, 570, 571, 572, 574, 582, 583, 584, 585, 586, 587, 588, 590, 601, 602, 603, 604, 605, 606, 607, 608, 610, 620, 621, 624, 638, 639, 646, 647, 653, 656, 657, 658, 659, 667, 668, 669, 670, 671, 672, 673, 676, 701, 718, 719, 722, 723, 724, 725, 726, 727, 728, 731, 732, 733, 734, 735, 738, 739, 740, 741, 742, 743, 746, 760, 761, 769, 770, 777, 778, 784, 785, 791, 792, 798, 799, 804, 812, 824, 825, 833, 834, 835, 836, 837, 838, 839, 840, 841, 842, 843, 844, 845, 848, 849, 850, 851, 852, 855, 856, 857, 858, 859, 860, 861, 862, 863, 866, 867, 868, 869, 870, 871, 872, 873, 874, 875, 878, 879, 880, 881, 882, 883, 884, 885, 886, 887, 888, 889, 892, 893, 894, 895, 898, 899, 900, 901, 902, 905, 906, 907, 908, 909, 910, 911, 912, 913, 914, 915, 916, 917, 918, 919, 920, 921, 922, 923, 924, 927, 928, 929, 930, 931, 932, 933, 934, 935, 936, 937, 938, 939, 940, 941, 942, 943, 944, 945, 946, 947, 948, 949, 950, 951, 952, 953, 956, 957, 958, 959, 960, 961, 962, 963, 966, 967, 968, 969, 970, 971, 972, 973, 974, 975, 976, 977, 978, 979, 980, 981, 982, 983, 984, 985, 986, 987, 988, 989, 990, 991, 992, 994, 995, 996, 997, 998, 999, 1000, 1001, 1002, 1003, 1004, 1005, 1006, 1007, 1008, 1009, 1010, 1011, 1012, 1013, 1014, 1015, 1016, 1019, 1020, 1021, 1022, 1023, 1024, 1025, 1026, 1027, 1028, 1029, 1030, 1031, 1032, 1033, 1034, 1035, 1036, 1037, 1038, 1039, 1040, 1041, 1042, 1043, 1044, 1045, 1046, 1047, 1048, 1049, 1050, 1051, 1052, 1053, 1054, 1055, 1056, 1057, 1058, 1059, 1060, 1061, 1062, 1063, 1064, 1065, 1066, 1067, 1070, 1071, 1072, 1073, 1074, 1075, 1078, 1079, 1080, 1081, 1082, 1083, 1084, 1085, 1086, 1089, 1090, 1091, 1092, 1094, 1095, 1098, 1099, 1100, 1101, 1102, 1103, 1104, 1105, 1106, 1107, 1108, 1109, 1110, 1111, 1112, 1113, 1114, 1115, 1116, 1117, 1118, 1119, 1120, 1121, 1122, 1123, 1124, 1125, 1126, 1127, 1128, 1129, 1130, 1131, 1132, 1133, 1134, 1135, 1136, 1137, 1138, 1139, 1140, 1141, 1142, 1143, 1144, 1145, 1146, 1147, 1148, 1149, 1150, 1151, 1152, 1153, 1154, 1155, 1156, 1157, 1158, 1159, 1160, 1161, 1162, 1163, 1164, 1165, 1166, 1167, 1168, 1169, 1170, 1171, 1172, 1173, 1174, 1175, 1176, 1177, 1178, 1179, 1180, 1181, 1182, 1183, 1184, 1185, 1186, 1187, 1188, 1189, 1192, 1210, 1211, 1217, 1218, 1234, 1235, 1241, 1244, 1245, 1246, 1247, 1248, 1249, 1250, 1252, 1255, 1256, 1258, 1282, 1283, 1291, 1296, 1297, 1298, 1312, 1324, 1325, 1326, 1327, 1328, 1329], "excluded_lines": [], "start_line": 321}, "": {"executed_lines": [], "summary": {"covered_lines": 0, "num_statements": 22, "percent_covered": 0.0, "percent_covered_display": "0", "missing_lines": 22, "excluded_lines": 0, "percent_statements_covered": 0.0, "percent_statements_covered_display": "0"}, "missing_lines": [23, 24, 25, 26, 27, 29, 30, 32, 38, 119, 169, 191, 211, 231, 255, 321, 324, 344, 347, 600, 707, 1323], "excluded_lines": [], "start_line": 1}}}, "agents\\git_agent.py": {"executed_lines": [], "summary": {"covered_lines": 0, "num_statements": 143, "percent_covered": 0.0, "percent_covered_display": "0", "missing_lines": 143, "excluded_lines": 0, "percent_statements_covered": 0.0, "percent_statements_covered_display": "0"}, "missing_lines": [17, 18, 19, 20, 21, 23, 25, 28, 31, 32, 33, 35, 36, 37, 38, 39, 40, 41, 42, 48, 59, 60, 67, 68, 72, 73, 75, 76, 77, 79, 80, 81, 82, 83, 90, 91, 99, 100, 101, 107, 112, 114, 119, 120, 121, 122, 123, 124, 127, 128, 129, 132, 133, 135, 136, 137, 138, 139, 140, 141, 142, 143, 145, 147, 153, 154, 155, 156, 157, 158, 161, 162, 164, 171, 172, 173, 174, 176, 177, 178, 179, 180, 181, 183, 184, 186, 187, 188, 189, 191, 192, 193, 196, 198, 205, 206, 207, 208, 209, 211, 212, 213, 216, 218, 219, 220, 222, 223, 231, 232, 233, 235, 236, 237, 238, 239, 240, 241, 242, 243, 244, 250, 257, 258, 260, 261, 264, 267, 268, 269, 271, 273, 274, 275, 276, 301, 307, 308, 310, 311, 312, 318, 319], "excluded_lines": [], "functions": {"GitAgent.__init__": {"executed_lines": [], "summary": {"covered_lines": 0, "num_statements": 10, "percent_covered": 0.0, "percent_covered_display": "0", "missing_lines": 10, "excluded_lines": 0, "percent_statements_covered": 0.0, "percent_statements_covered_display": "0"}, "missing_lines": [32, 33, 35, 36, 37, 38, 39, 40, 41, 42], "excluded_lines": [], "start_line": 31}, "GitAgent.commit_and_pr": {"executed_lines": [], "summary": {"covered_lines": 0, "num_statements": 19, "percent_covered": 0.0, "percent_covered_display": "0", "missing_lines": 19, "excluded_lines": 0, "percent_statements_covered": 0.0, "percent_statements_covered_display": "0"}, "missing_lines": [59, 60, 67, 68, 72, 73, 75, 76, 77, 79, 80, 81, 82, 83, 90, 91, 99, 100, 101], "excluded_lines": [], "start_line": 48}, "GitAgent._ensure_repo": {"executed_lines": [], "summary": {"covered_lines": 0, "num_statements": 23, "percent_covered": 0.0, "percent_covered_display": "0", "missing_lines": 23, "excluded_lines": 0, "percent_statements_covered": 0.0, "percent_statements_covered_display": "0"}, "missing_lines": [112, 114, 119, 120, 121, 122, 123, 124, 127, 128, 129, 132, 133, 135, 136, 137, 138, 139, 140, 141, 142, 143, 145], "excluded_lines": [], "start_line": 107}, "GitAgent._ensure_remote_base_branch": {"executed_lines": [], "summary": {"covered_lines": 0, "num_statements": 21, "percent_covered": 0.0, "percent_covered_display": "0", "missing_lines": 21, "excluded_lines": 0, "percent_statements_covered": 0.0, "percent_statements_covered_display": "0"}, "missing_lines": [153, 154, 155, 156, 157, 158, 161, 162, 164, 171, 172, 173, 174, 176, 177, 178, 179, 180, 181, 183, 184], "excluded_lines": [], "start_line": 147}, "GitAgent._make_branch_name": {"executed_lines": [], "summary": {"covered_lines": 0, "num_statements": 3, "percent_covered": 0.0, "percent_covered_display": "0", "missing_lines": 3, "excluded_lines": 0, "percent_statements_covered": 0.0, "percent_statements_covered_display": "0"}, "missing_lines": [187, 188, 189], "excluded_lines": [], "start_line": 186}, "GitAgent._create_branch": {"executed_lines": [], "summary": {"covered_lines": 0, "num_statements": 9, "percent_covered": 0.0, "percent_covered_display": "0", "missing_lines": 9, "excluded_lines": 0, "percent_statements_covered": 0.0, "percent_statements_covered_display": "0"}, "missing_lines": [192, 193, 196, 198, 205, 206, 207, 208, 209], "excluded_lines": [], "start_line": 191}, "GitAgent._stage_and_commit": {"executed_lines": [], "summary": {"covered_lines": 0, "num_statements": 11, "percent_covered": 0.0, "percent_covered_display": "0", "missing_lines": 11, "excluded_lines": 0, "percent_statements_covered": 0.0, "percent_statements_covered_display": "0"}, "missing_lines": [212, 213, 216, 218, 219, 220, 222, 223, 231, 232, 233], "excluded_lines": [], "start_line": 211}, "GitAgent._push_branch": {"executed_lines": [], "summary": {"covered_lines": 0, "num_statements": 9, "percent_covered": 0.0, "percent_covered_display": "0", "missing_lines": 9, "excluded_lines": 0, "percent_statements_covered": 0.0, "percent_statements_covered_display": "0"}, "missing_lines": [236, 237, 238, 239, 240, 241, 242, 243, 244], "excluded_lines": [], "start_line": 235}, "GitAgent._create_pr": {"executed_lines": [], "summary": {"covered_lines": 0, "num_statements": 19, "percent_covered": 0.0, "percent_covered_display": "0", "missing_lines": 19, "excluded_lines": 0, "percent_statements_covered": 0.0, "percent_statements_covered_display": "0"}, "missing_lines": [257, 258, 260, 261, 264, 267, 268, 269, 271, 273, 274, 275, 276, 301, 307, 308, 310, 311, 312], "excluded_lines": [], "start_line": 250}, "GitAgent.get_status": {"executed_lines": [], "summary": {"covered_lines": 0, "num_statements": 1, "percent_covered": 0.0, "percent_covered_display": "0", "missing_lines": 1, "excluded_lines": 0, "percent_statements_covered": 0.0, "percent_statements_covered_display": "0"}, "missing_lines": [319], "excluded_lines": [], "start_line": 318}, "": {"executed_lines": [], "summary": {"covered_lines": 0, "num_statements": 18, "percent_covered": 0.0, "percent_covered_display": "0", "missing_lines": 18, "excluded_lines": 0, "percent_statements_covered": 0.0, "percent_statements_covered_display": "0"}, "missing_lines": [17, 18, 19, 20, 21, 23, 25, 28, 31, 48, 107, 147, 186, 191, 211, 235, 250, 318], "excluded_lines": [], "start_line": 1}}, "classes": {"GitAgent": {"executed_lines": [], "summary": {"covered_lines": 0, "num_statements": 125, "percent_covered": 0.0, "percent_covered_display": "0", "missing_lines": 125, "excluded_lines": 0, "percent_statements_covered": 0.0, "percent_statements_covered_display": "0"}, "missing_lines": [32, 33, 35, 36, 37, 38, 39, 40, 41, 42, 59, 60, 67, 68, 72, 73, 75, 76, 77, 79, 80, 81, 82, 83, 90, 91, 99, 100, 101, 112, 114, 119, 120, 121, 122, 123, 124, 127, 128, 129, 132, 133, 135, 136, 137, 138, 139, 140, 141, 142, 143, 145, 153, 154, 155, 156, 157, 158, 161, 162, 164, 171, 172, 173, 174, 176, 177, 178, 179, 180, 181, 183, 184, 187, 188, 189, 192, 193, 196, 198, 205, 206, 207, 208, 209, 212, 213, 216, 218, 219, 220, 222, 223, 231, 232, 233, 236, 237, 238, 239, 240, 241, 242, 243, 244, 257, 258, 260, 261, 264, 267, 268, 269, 271, 273, 274, 275, 276, 301, 307, 308, 310, 311, 312, 319], "excluded_lines": [], "start_line": 28}, "": {"executed_lines": [], "summary": {"covered_lines": 0, "num_statements": 18, "percent_covered": 0.0, "percent_covered_display": "0", "missing_lines": 18, "excluded_lines": 0, "percent_statements_covered": 0.0, "percent_statements_covered_display": "0"}, "missing_lines": [17, 18, 19, 20, 21, 23, 25, 28, 31, 48, 107, 147, 186, 191, 211, 235, 250, 318], "excluded_lines": [], "start_line": 1}}}, "agents\\glr_agent.py": {"executed_lines": [], "summary": {"covered_lines": 0, "num_statements": 53, "percent_covered": 0.0, "percent_covered_display": "0", "missing_lines": 53, "excluded_lines": 0, "percent_statements_covered": 0.0, "percent_statements_covered_display": "0"}, "missing_lines": [9, 10, 11, 12, 14, 15, 17, 19, 480, 483, 484, 491, 492, 494, 495, 496, 497, 498, 501, 502, 503, 504, 505, 507, 539, 540, 541, 545, 548, 575, 576, 577, 579, 580, 588, 589, 591, 592, 595, 596, 599, 601, 606, 607, 608, 610, 612, 621, 623, 720, 721, 722, 723], "excluded_lines": [], "functions": {"GLRAgent.__init__": {"executed_lines": [], "summary": {"covered_lines": 0, "num_statements": 1, "percent_covered": 0.0, "percent_covered_display": "0", "missing_lines": 1, "excluded_lines": 0, "percent_statements_covered": 0.0, "percent_statements_covered_display": "0"}, "missing_lines": [484], "excluded_lines": [], "start_line": 483}, "GLRAgent.get_system_prompt": {"executed_lines": [], "summary": {"covered_lines": 0, "num_statements": 1, "percent_covered": 0.0, "percent_covered_display": "0", "missing_lines": 1, "excluded_lines": 0, "percent_statements_covered": 0.0, "percent_statements_covered_display": "0"}, "missing_lines": [492], "excluded_lines": [], "start_line": 491}, "GLRAgent.execute": {"executed_lines": [], "summary": {"covered_lines": 0, "num_statements": 33, "percent_covered": 0.0, "percent_covered_display": "0", "missing_lines": 33, "excluded_lines": 0, "percent_statements_covered": 0.0, "percent_statements_covered_display": "0"}, "missing_lines": [495, 496, 497, 498, 501, 502, 503, 504, 505, 507, 539, 540, 541, 545, 548, 575, 576, 577, 579, 580, 588, 589, 591, 592, 595, 596, 599, 601, 606, 607, 608, 610, 612], "excluded_lines": [], "start_line": 494}, "GLRAgent._fallback_template": {"executed_lines": [], "summary": {"covered_lines": 0, "num_statements": 1, "percent_covered": 0.0, "percent_covered_display": "0", "missing_lines": 1, "excluded_lines": 0, "percent_statements_covered": 0.0, "percent_statements_covered_display": "0"}, "missing_lines": [623], "excluded_lines": [], "start_line": 621}, "GLRAgent._load_file": {"executed_lines": [], "summary": {"covered_lines": 0, "num_statements": 3, "percent_covered": 0.0, "percent_covered_display": "0", "missing_lines": 3, "excluded_lines": 0, "percent_statements_covered": 0.0, "percent_statements_covered_display": "0"}, "missing_lines": [721, 722, 723], "excluded_lines": [], "start_line": 720}, "": {"executed_lines": [], "summary": {"covered_lines": 0, "num_statements": 14, "percent_covered": 0.0, "percent_covered_display": "0", "missing_lines": 14, "excluded_lines": 0, "percent_statements_covered": 0.0, "percent_statements_covered_display": "0"}, "missing_lines": [9, 10, 11, 12, 14, 15, 17, 19, 480, 483, 491, 494, 621, 720], "excluded_lines": [], "start_line": 1}}, "classes": {"GLRAgent": {"executed_lines": [], "summary": {"covered_lines": 0, "num_statements": 39, "percent_covered": 0.0, "percent_covered_display": "0", "missing_lines": 39, "excluded_lines": 0, "percent_statements_covered": 0.0, "percent_statements_covered_display": "0"}, "missing_lines": [484, 492, 495, 496, 497, 498, 501, 502, 503, 504, 505, 507, 539, 540, 541, 545, 548, 575, 576, 577, 579, 580, 588, 589, 591, 592, 595, 596, 599, 601, 606, 607, 608, 610, 612, 623, 721, 722, 723], "excluded_lines": [], "start_line": 480}, "": {"executed_lines": [], "summary": {"covered_lines": 0, "num_statements": 14, "percent_covered": 0.0, "percent_covered_display": "0", "missing_lines": 14, "excluded_lines": 0, "percent_statements_covered": 0.0, "percent_statements_covered_display": "0"}, "missing_lines": [9, 10, 11, 12, 14, 15, 17, 19, 480, 483, 491, 494, 621, 720], "excluded_lines": [], "start_line": 1}}}, "agents\\netlist_agent.py": {"executed_lines": [], "summary": {"covered_lines": 0, "num_statements": 1107, "percent_covered": 0.0, "percent_covered_display": "0", "missing_lines": 1107, "excluded_lines": 0, "percent_statements_covered": 0.0, "percent_statements_covered_display": "0"}, "missing_lines": [8, 9, 10, 12, 13, 14, 16, 18, 106, 250, 253, 254, 265, 267, 268, 270, 271, 272, 273, 276, 277, 278, 282, 284, 285, 295, 296, 297, 299, 304, 351, 352, 356, 357, 361, 363, 364, 369, 370, 373, 374, 375, 376, 378, 384, 387, 388, 389, 397, 398, 399, 409, 418, 423, 424, 425, 426, 427, 430, 431, 432, 435, 436, 443, 444, 445, 446, 447, 448, 452, 453, 454, 458, 459, 460, 462, 465, 471, 472, 473, 474, 475, 476, 477, 478, 480, 483, 485, 486, 487, 495, 496, 499, 500, 501, 506, 507, 508, 513, 514, 515, 523, 524, 525, 526, 528, 529, 530, 531, 542, 543, 544, 545, 548, 549, 550, 551, 552, 557, 561, 562, 564, 568, 569, 573, 576, 580, 586, 592, 594, 595, 596, 597, 598, 599, 600, 601, 602, 603, 604, 605, 606, 607, 608, 609, 610, 611, 612, 613, 614, 615, 616, 618, 621, 623, 624, 625, 631, 632, 635, 636, 637, 642, 643, 644, 645, 646, 647, 648, 654, 655, 656, 657, 660, 661, 662, 663, 667, 670, 671, 723, 724, 728, 729, 730, 731, 732, 738, 742, 744, 745, 751, 752, 784, 785, 786, 790, 795, 796, 797, 798, 799, 805, 806, 807, 814, 815, 816, 817, 818, 819, 820, 821, 822, 825, 826, 827, 828, 829, 830, 831, 832, 833, 836, 837, 838, 839, 840, 841, 847, 848, 849, 850, 851, 852, 853, 855, 857, 881, 882, 883, 884, 885, 886, 887, 888, 889, 893, 897, 898, 899, 901, 902, 922, 923, 924, 925, 927, 928, 931, 932, 934, 935, 939, 941, 942, 943, 946, 947, 949, 960, 963, 964, 965, 966, 969, 970, 977, 978, 980, 981, 982, 985, 986, 987, 992, 993, 995, 996, 997, 998, 999, 1000, 1002, 1003, 1004, 1005, 1012, 1013, 1016, 1017, 1018, 1019, 1025, 1031, 1032, 1033, 1034, 1035, 1036, 1037, 1038, 1040, 1041, 1042, 1045, 1046, 1047, 1048, 1049, 1050, 1051, 1053, 1054, 1055, 1059, 1060, 1061, 1062, 1063, 1064, 1065, 1066, 1072, 1073, 1076, 1091, 1094, 1096, 1097, 1098, 1099, 1101, 1102, 1103, 1104, 1105, 1113, 1114, 1115, 1116, 1117, 1118, 1126, 1127, 1128, 1129, 1131, 1132, 1133, 1134, 1135, 1136, 1138, 1139, 1144, 1145, 1148, 1163, 1164, 1165, 1166, 1167, 1168, 1169, 1170, 1172, 1173, 1186, 1187, 1189, 1190, 1191, 1197, 1198, 1200, 1201, 1202, 1203, 1204, 1205, 1206, 1207, 1208, 1209, 1210, 1211, 1213, 1220, 1221, 1222, 1225, 1226, 1227, 1228, 1229, 1231, 1233, 1235, 1236, 1238, 1239, 1240, 1241, 1242, 1248, 1251, 1253, 1260, 1261, 1262, 1263, 1265, 1266, 1267, 1268, 1270, 1274, 1276, 1277, 1278, 1279, 1282, 1283, 1285, 1286, 1287, 1288, 1291, 1292, 1295, 1296, 1297, 1300, 1301, 1302, 1303, 1304, 1305, 1306, 1308, 1309, 1312, 1315, 1316, 1317, 1318, 1319, 1320, 1321, 1322, 1323, 1324, 1325, 1326, 1327, 1328, 1329, 1330, 1331, 1332, 1333, 1335, 1344, 1353, 1354, 1355, 1356, 1357, 1358, 1359, 1360, 1361, 1368, 1369, 1370, 1371, 1372, 1373, 1374, 1379, 1380, 1381, 1387, 1388, 1389, 1390, 1391, 1401, 1402, 1403, 1404, 1410, 1411, 1417, 1418, 1419, 1420, 1421, 1422, 1423, 1424, 1425, 1427, 1428, 1429, 1430, 1431, 1432, 1433, 1434, 1435, 1436, 1442, 1443, 1444, 1451, 1452, 1453, 1461, 1462, 1463, 1465, 1466, 1467, 1468, 1469, 1473, 1474, 1475, 1476, 1477, 1478, 1479, 1482, 1488, 1489, 1490, 1491, 1492, 1493, 1495, 1504, 1511, 1512, 1513, 1514, 1517, 1518, 1519, 1520, 1521, 1522, 1523, 1524, 1525, 1538, 1539, 1540, 1542, 1545, 1547, 1548, 1550, 1551, 1554, 1555, 1558, 1559, 1560, 1561, 1563, 1564, 1565, 1566, 1567, 1568, 1569, 1570, 1571, 1572, 1574, 1575, 1576, 1577, 1578, 1579, 1580, 1581, 1582, 1583, 1584, 1585, 1586, 1588, 1599, 1755, 1758, 1763, 1764, 1767, 1768, 1769, 1770, 1772, 1773, 1774, 1775, 1776, 1777, 1778, 1780, 1784, 1791, 1796, 1804, 1809, 1810, 1811, 1812, 1813, 1814, 1815, 1816, 1817, 1818, 1819, 1820, 1821, 1822, 1824, 1825, 1826, 1827, 1829, 1830, 1831, 1832, 1834, 1835, 1836, 1853, 1865, 1871, 1872, 1873, 1874, 1875, 1876, 1877, 1878, 1882, 1883, 1884, 1885, 1886, 1889, 1890, 1891, 1892, 1893, 1894, 1895, 1896, 1897, 1898, 1899, 1900, 1907, 1908, 1914, 1915, 1916, 1917, 1923, 1924, 1926, 1932, 1933, 1934, 1935, 1937, 1943, 1960, 1962, 1963, 1964, 1965, 1966, 1967, 1968, 1969, 1970, 1971, 1972, 1973, 1974, 1975, 1976, 1977, 1978, 1979, 1980, 1983, 1986, 1987, 1988, 1990, 2000, 2001, 2002, 2003, 2004, 2005, 2006, 2007, 2008, 2010, 2011, 2012, 2013, 2014, 2017, 2018, 2019, 2021, 2033, 2034, 2035, 2036, 2040, 2041, 2042, 2045, 2046, 2049, 2050, 2051, 2054, 2064, 2065, 2066, 2067, 2068, 2069, 2070, 2073, 2076, 2077, 2078, 2079, 2080, 2083, 2086, 2087, 2088, 2091, 2100, 2101, 2102, 2103, 2104, 2105, 2106, 2109, 2112, 2113, 2114, 2117, 2127, 2131, 2132, 2133, 2134, 2135, 2140, 2141, 2142, 2143, 2144, 2145, 2146, 2147, 2148, 2149, 2150, 2151, 2155, 2156, 2157, 2158, 2159, 2160, 2161, 2164, 2165, 2168, 2169, 2170, 2171, 2172, 2173, 2174, 2177, 2179, 2183, 2184, 2185, 2186, 2188, 2189, 2190, 2191, 2192, 2193, 2194, 2200, 2201, 2202, 2203, 2204, 2205, 2206, 2207, 2208, 2209, 2211, 2212, 2213, 2214, 2215, 2216, 2217, 2219, 2220, 2249, 2250, 2251, 2252, 2254, 2256, 2257, 2258, 2260, 2261, 2263, 2264, 2269, 2270, 2271, 2281, 2282, 2284, 2286, 2287, 2288, 2289, 2290, 2292, 2294, 2298, 2299, 2300, 2301, 2303, 2306, 2310, 2311, 2312, 2313, 2314, 2315, 2318, 2319, 2320, 2323, 2331, 2338, 2339, 2342, 2343, 2344, 2345, 2353, 2360, 2361, 2364, 2365, 2366, 2367, 2370, 2371, 2374, 2375, 2376, 2380, 2388, 2395, 2396, 2401, 2402, 2403, 2404, 2407, 2408, 2411, 2412, 2413, 2416, 2424, 2431, 2432, 2435, 2436, 2437, 2438, 2446, 2453, 2456, 2457, 2459, 2460, 2461, 2462, 2463, 2464, 2465, 2467, 2471, 2475, 2476, 2477, 2478, 2483, 2485, 2489, 2493, 2494, 2496, 2498, 2499, 2500, 2502, 2505, 2509, 2518, 2519, 2520, 2521, 2532, 2533, 2534, 2538, 2542, 2543, 2544, 2545, 2546, 2547, 2548, 2555, 2559, 2563, 2566, 2567, 2568, 2573, 2577, 2581, 2582, 2583, 2588, 2592, 2598, 2599, 2600, 2601, 2602, 2603, 2604, 2606, 2610, 2619, 2620, 2621, 2626, 2630, 2634, 2635, 2636, 2641, 2645, 2651, 2652, 2653, 2654, 2656, 2657, 2658, 2659, 2660, 2661, 2662, 2666, 2672, 2673, 2674, 2678, 2684, 2685, 2686, 2687, 2688, 2689, 2691, 2692, 2693, 2694, 2695, 2696, 2697, 2698, 2699, 2700, 2701, 2702, 2704, 2706, 2707, 2708, 2712, 2713, 2714, 2715, 2716, 2718, 2719, 2721, 2723, 2724, 2725, 2728, 2729, 2730, 2733, 2737, 2741, 2742, 2744, 2745, 2746, 2750, 2754, 2755, 2757, 2758, 2759, 2763, 2769, 2770, 2771, 2772, 2773, 2774, 2775, 2776, 2777, 2778, 2779, 2780, 2781, 2782, 2786, 2788, 2789, 2790, 2794, 2800, 2801, 2802, 2803, 2804, 2805, 2806, 2807, 2808, 2809, 2810, 2811, 2812, 2813, 2814, 2815, 2819, 2821, 2822, 2828], "excluded_lines": [], "functions": {"NetlistAgent.__init__": {"executed_lines": [], "summary": {"covered_lines": 0, "num_statements": 2, "percent_covered": 0.0, "percent_covered_display": "0", "missing_lines": 2, "excluded_lines": 0, "percent_statements_covered": 0.0, "percent_statements_covered_display": "0"}, "missing_lines": [254, 265], "excluded_lines": [], "start_line": 253}, "NetlistAgent.get_system_prompt": {"executed_lines": [], "summary": {"covered_lines": 0, "num_statements": 1, "percent_covered": 0.0, "percent_covered_display": "0", "missing_lines": 1, "excluded_lines": 0, "percent_statements_covered": 0.0, "percent_statements_covered_display": "0"}, "missing_lines": [268], "excluded_lines": [], "start_line": 267}, "NetlistAgent.execute": {"executed_lines": [], "summary": {"covered_lines": 0, "num_statements": 175, "percent_covered": 0.0, "percent_covered_display": "0", "missing_lines": 175, "excluded_lines": 0, "percent_statements_covered": 0.0, "percent_statements_covered_display": "0"}, "missing_lines": [271, 272, 273, 276, 277, 278, 282, 284, 285, 295, 296, 297, 299, 304, 351, 352, 356, 357, 361, 363, 364, 369, 370, 373, 374, 375, 376, 378, 384, 387, 388, 389, 397, 398, 399, 409, 418, 423, 424, 425, 426, 427, 430, 431, 432, 435, 436, 443, 444, 445, 446, 447, 448, 452, 453, 454, 458, 459, 460, 462, 465, 471, 472, 473, 474, 475, 476, 477, 478, 480, 483, 485, 486, 487, 495, 496, 499, 500, 501, 506, 507, 508, 513, 514, 515, 523, 524, 525, 526, 528, 529, 530, 531, 542, 543, 544, 545, 548, 549, 550, 551, 552, 557, 561, 562, 564, 568, 569, 573, 576, 580, 586, 592, 594, 595, 596, 597, 598, 599, 600, 601, 602, 603, 604, 605, 606, 607, 608, 609, 610, 611, 612, 613, 614, 615, 616, 618, 621, 623, 624, 625, 631, 632, 635, 636, 637, 642, 643, 644, 645, 646, 647, 648, 654, 655, 656, 657, 660, 661, 662, 663, 667, 670, 671, 723, 724, 728, 729, 730, 731, 732, 738, 742, 744, 745], "excluded_lines": [], "start_line": 270}, "NetlistAgent._drc_aware_post_process": {"executed_lines": [], "summary": {"covered_lines": 0, "num_statements": 44, "percent_covered": 0.0, "percent_covered_display": "0", "missing_lines": 44, "excluded_lines": 0, "percent_statements_covered": 0.0, "percent_statements_covered_display": "0"}, "missing_lines": [784, 785, 786, 790, 795, 796, 797, 798, 799, 805, 806, 807, 814, 815, 816, 817, 818, 819, 820, 821, 822, 825, 826, 827, 828, 829, 830, 831, 832, 833, 836, 837, 838, 839, 840, 841, 847, 848, 849, 850, 851, 852, 853, 855], "excluded_lines": [], "start_line": 752}, "NetlistAgent._auto_fix_drc_violations": {"executed_lines": [], "summary": {"covered_lines": 0, "num_statements": 13, "percent_covered": 0.0, "percent_covered_display": "0", "missing_lines": 13, "excluded_lines": 0, "percent_statements_covered": 0.0, "percent_statements_covered_display": "0"}, "missing_lines": [881, 882, 883, 884, 885, 886, 887, 888, 889, 893, 897, 898, 899], "excluded_lines": [], "start_line": 857}, "NetlistAgent._enforce_power_ground_topology": {"executed_lines": [], "summary": {"covered_lines": 0, "num_statements": 88, "percent_covered": 0.0, "percent_covered_display": "0", "missing_lines": 88, "excluded_lines": 0, "percent_statements_covered": 0.0, "percent_statements_covered_display": "0"}, "missing_lines": [922, 923, 924, 925, 927, 928, 931, 934, 980, 985, 992, 993, 995, 996, 997, 998, 999, 1000, 1002, 1003, 1004, 1005, 1012, 1013, 1016, 1017, 1018, 1019, 1025, 1031, 1032, 1033, 1034, 1035, 1036, 1037, 1038, 1040, 1041, 1042, 1045, 1046, 1047, 1048, 1049, 1050, 1051, 1053, 1054, 1055, 1059, 1060, 1061, 1062, 1063, 1064, 1065, 1066, 1072, 1073, 1076, 1091, 1094, 1096, 1097, 1098, 1099, 1101, 1102, 1103, 1104, 1105, 1113, 1114, 1115, 1116, 1117, 1118, 1126, 1127, 1128, 1129, 1131, 1132, 1133, 1134, 1135, 1136], "excluded_lines": [], "start_line": 902}, "NetlistAgent._enforce_power_ground_topology._ref_of": {"executed_lines": [], "summary": {"covered_lines": 0, "num_statements": 1, "percent_covered": 0.0, "percent_covered_display": "0", "missing_lines": 1, "excluded_lines": 0, "percent_statements_covered": 0.0, "percent_statements_covered_display": "0"}, "missing_lines": [932], "excluded_lines": [], "start_line": 931}, "NetlistAgent._enforce_power_ground_topology._role_of": {"executed_lines": [], "summary": {"covered_lines": 0, "num_statements": 17, "percent_covered": 0.0, "percent_covered_display": "0", "missing_lines": 17, "excluded_lines": 0, "percent_statements_covered": 0.0, "percent_statements_covered_display": "0"}, "missing_lines": [935, 939, 941, 942, 943, 946, 947, 949, 960, 963, 964, 965, 966, 969, 970, 977, 978], "excluded_lines": [], "start_line": 934}, "NetlistAgent._enforce_power_ground_topology._power_pin": {"executed_lines": [], "summary": {"covered_lines": 0, "num_statements": 2, "percent_covered": 0.0, "percent_covered_display": "0", "missing_lines": 2, "excluded_lines": 0, "percent_statements_covered": 0.0, "percent_statements_covered_display": "0"}, "missing_lines": [981, 982], "excluded_lines": [], "start_line": 980}, "NetlistAgent._enforce_power_ground_topology._gnd_pin": {"executed_lines": [], "summary": {"covered_lines": 0, "num_statements": 2, "percent_covered": 0.0, "percent_covered_display": "0", "missing_lines": 2, "excluded_lines": 0, "percent_statements_covered": 0.0, "percent_statements_covered_display": "0"}, "missing_lines": [986, 987], "excluded_lines": [], "start_line": 985}, "NetlistAgent._format_cascade_targets": {"executed_lines": [], "summary": {"covered_lines": 0, "num_statements": 11, "percent_covered": 0.0, "percent_covered_display": "0", "missing_lines": 11, "excluded_lines": 0, "percent_statements_covered": 0.0, "percent_statements_covered_display": "0"}, "missing_lines": [1144, 1145, 1148, 1163, 1164, 1165, 1166, 1167, 1168, 1169, 1170], "excluded_lines": [], "start_line": 1139}, "NetlistAgent._build_visual_md": {"executed_lines": [], "summary": {"covered_lines": 0, "num_statements": 30, "percent_covered": 0.0, "percent_covered_display": "0", "missing_lines": 30, "excluded_lines": 0, "percent_statements_covered": 0.0, "percent_statements_covered_display": "0"}, "missing_lines": [1173, 1186, 1187, 1189, 1190, 1191, 1197, 1198, 1200, 1201, 1202, 1203, 1204, 1205, 1206, 1207, 1208, 1209, 1210, 1211, 1213, 1220, 1221, 1222, 1225, 1226, 1227, 1228, 1229, 1231], "
[...]
ines": [], "summary": {"covered_lines": 0, "num_statements": 11, "percent_covered": 0.0, "percent_covered_display": "0", "missing_lines": 11, "excluded_lines": 0, "percent_statements_covered": 0.0, "percent_statements_covered_display": "0"}, "missing_lines": [211, 213, 219, 220, 222, 223, 224, 225, 226, 227, 229], "excluded_lines": [], "start_line": 194}, "WebScraperTool._ensure_digikey_token": {"executed_lines": [], "summary": {"covered_lines": 0, "num_statements": 16, "percent_covered": 0.0, "percent_covered_display": "0", "missing_lines": 16, "excluded_lines": 0, "percent_statements_covered": 0.0, "percent_statements_covered_display": "0"}, "missing_lines": [233, 236, 237, 238, 240, 241, 243, 252, 253, 255, 256, 257, 261, 263, 264, 265], "excluded_lines": [], "start_line": 231}, "WebScraperTool._parse_digikey_pricing": {"executed_lines": [], "summary": {"covered_lines": 0, "num_statements": 13, "percent_covered": 0.0, "percent_covered_display": "0", "missing_lines": 13, "excluded_lines": 0, "percent_statements_covered": 0.0, "percent_statements_covered_display": "0"}, "missing_lines": [269, 270, 272, 274, 275, 276, 277, 279, 280, 281, 282, 283, 284], "excluded_lines": [], "start_line": 267}, "WebScraperTool._parse_mouser_pricing": {"executed_lines": [], "summary": {"covered_lines": 0, "num_statements": 11, "percent_covered": 0.0, "percent_covered_display": "0", "missing_lines": 11, "excluded_lines": 0, "percent_statements_covered": 0.0, "percent_statements_covered_display": "0"}, "missing_lines": [288, 289, 291, 293, 294, 295, 296, 297, 298, 299, 300], "excluded_lines": [], "start_line": 286}, "": {"executed_lines": [8, 9, 10, 12, 14, 15, 17, 20, 29, 34, 114, 194, 231, 267, 286], "summary": {"covered_lines": 15, "num_statements": 15, "percent_covered": 100.0, "percent_covered_display": "100", "missing_lines": 0, "excluded_lines": 0, "percent_statements_covered": 100.0, "percent_statements_covered_display": "100"}, "missing_lines": [], "excluded_lines": [], "start_line": 1}}, "classes": {"WebScraperTool": {"executed_lines": [], "summary": {"covered_lines": 0, "num_statements": 110, "percent_covered": 0.0, "percent_covered_display": "0", "missing_lines": 110, "excluded_lines": 0, "percent_statements_covered": 0.0, "percent_statements_covered_display": "0"}, "missing_lines": [30, 31, 32, 51, 52, 53, 55, 57, 59, 61, 66, 72, 77, 78, 81, 82, 84, 86, 87, 88, 89, 90, 92, 102, 104, 105, 107, 108, 109, 110, 111, 112, 131, 132, 133, 135, 136, 137, 142, 152, 158, 159, 162, 163, 165, 167, 168, 169, 170, 172, 182, 184, 185, 187, 188, 189, 190, 191, 192, 211, 213, 219, 220, 222, 223, 224, 225, 226, 227, 229, 233, 236, 237, 238, 240, 241, 243, 252, 253, 255, 256, 257, 261, 263, 264, 265, 269, 270, 272, 274, 275, 276, 277, 279, 280, 281, 282, 283, 284, 288, 289, 291, 293, 294, 295, 296, 297, 298, 299, 300], "excluded_lines": [], "start_line": 20}, "": {"executed_lines": [8, 9, 10, 12, 14, 15, 17, 20, 29, 34, 114, 194, 231, 267, 286], "summary": {"covered_lines": 15, "num_statements": 15, "percent_covered": 100.0, "percent_covered_display": "100", "missing_lines": 0, "excluded_lines": 0, "percent_statements_covered": 100.0, "percent_statements_covered_display": "100"}, "missing_lines": [], "excluded_lines": [], "start_line": 1}}}, "update_pptx.py": {"executed_lines": [], "summary": {"covered_lines": 0, "num_statements": 130, "percent_covered": 0.0, "percent_covered_display": "0", "missing_lines": 130, "excluded_lines": 11, "percent_statements_covered": 0.0, "percent_statements_covered_display": "0"}, "missing_lines": [11, 12, 13, 14, 15, 16, 17, 18, 19, 20, 21, 22, 23, 25, 28, 29, 31, 34, 37, 40, 41, 42, 43, 44, 45, 46, 47, 48, 51, 53, 54, 55, 56, 59, 60, 61, 62, 63, 66, 67, 68, 69, 70, 71, 73, 75, 76, 77, 80, 82, 83, 84, 85, 86, 89, 91, 92, 93, 94, 97, 98, 99, 100, 101, 102, 103, 106, 107, 108, 109, 110, 113, 114, 115, 116, 117, 120, 121, 122, 123, 124, 125, 128, 130, 131, 132, 133, 136, 137, 138, 139, 140, 141, 144, 146, 147, 148, 149, 150, 153, 155, 156, 157, 158, 159, 160, 161, 162, 163, 166, 168, 169, 170, 171, 173, 174, 175, 177, 178, 179, 182, 183, 184, 185, 186, 189, 190, 191, 192, 194], "excluded_lines": [196, 197, 198, 199, 200, 201, 203, 204, 205, 206, 208], "functions": {"update_pptx": {"executed_lines": [], "summary": {"covered_lines": 0, "num_statements": 116, "percent_covered": 0.0, "percent_covered_display": "0", "missing_lines": 116, "excluded_lines": 0, "percent_statements_covered": 0.0, "percent_statements_covered_display": "0"}, "missing_lines": [28, 29, 31, 34, 37, 40, 41, 42, 43, 44, 45, 46, 47, 48, 51, 53, 54, 55, 56, 59, 60, 61, 62, 63, 66, 67, 68, 69, 70, 71, 73, 75, 76, 77, 80, 82, 83, 84, 85, 86, 89, 91, 92, 93, 94, 97, 98, 99, 100, 101, 102, 103, 106, 107, 108, 109, 110, 113, 114, 115, 116, 117, 120, 121, 122, 123, 124, 125, 128, 130, 131, 132, 133, 136, 137, 138, 139, 140, 141, 144, 146, 147, 148, 149, 150, 153, 155, 156, 157, 158, 159, 160, 161, 162, 163, 166, 168, 169, 170, 171, 173, 174, 175, 177, 178, 179, 182, 183, 184, 185, 186, 189, 190, 191, 192, 194], "excluded_lines": [], "start_line": 25}, "": {"executed_lines": [], "summary": {"covered_lines": 0, "num_statements": 14, "percent_covered": 0.0, "percent_covered_display": "0", "missing_lines": 14, "excluded_lines": 11, "percent_statements_covered": 0.0, "percent_statements_covered_display": "0"}, "missing_lines": [11, 12, 13, 14, 15, 16, 17, 18, 19, 20, 21, 22, 23, 25], "excluded_lines": [196, 197, 198, 199, 200, 201, 203, 204, 205, 206, 208], "start_line": 1}}, "classes": {"": {"executed_lines": [], "summary": {"covered_lines": 0, "num_statements": 130, "percent_covered": 0.0, "percent_covered_display": "0", "missing_lines": 130, "excluded_lines": 11, "percent_statements_covered": 0.0, "percent_statements_covered_display": "0"}, "missing_lines": [11, 12, 13, 14, 15, 16, 17, 18, 19, 20, 21, 22, 23, 25, 28, 29, 31, 34, 37, 40, 41, 42, 43, 44, 45, 46, 47, 48, 51, 53, 54, 55, 56, 59, 60, 61, 62, 63, 66, 67, 68, 69, 70, 71, 73, 75, 76, 77, 80, 82, 83, 84, 85, 86, 89, 91, 92, 93, 94, 97, 98, 99, 100, 101, 102, 103, 106, 107, 108, 109, 110, 113, 114, 115, 116, 117, 120, 121, 122, 123, 124, 125, 128, 130, 131, 132, 133, 136, 137, 138, 139, 140, 141, 144, 146, 147, 148, 149, 150, 153, 155, 156, 157, 158, 159, 160, 161, 162, 163, 166, 168, 169, 170, 171, 173, 174, 175, 177, 178, 179, 182, 183, 184, 185, 186, 189, 190, 191, 192, 194], "excluded_lines": [196, 197, 198, 199, 200, 201, 203, 204, 205, 206, 208], "start_line": 1}}}, "update_pptx_safe.py": {"executed_lines": [], "summary": {"covered_lines": 0, "num_statements": 40, "percent_covered": 0.0, "percent_covered_display": "0", "missing_lines": 40, "excluded_lines": 9, "percent_statements_covered": 0.0, "percent_statements_covered_display": "0"}, "missing_lines": [5, 6, 8, 9, 10, 11, 12, 13, 14, 16, 19, 20, 21, 22, 24, 27, 71, 72, 74, 75, 76, 78, 79, 81, 82, 84, 87, 88, 89, 92, 93, 94, 95, 97, 98, 99, 102, 103, 104, 106], "excluded_lines": [108, 109, 110, 111, 113, 114, 115, 116, 118], "functions": {"safe_update_pptx": {"executed_lines": [], "summary": {"covered_lines": 0, "num_statements": 30, "percent_covered": 0.0, "percent_covered_display": "0", "missing_lines": 30, "excluded_lines": 0, "percent_statements_covered": 0.0, "percent_statements_covered_display": "0"}, "missing_lines": [19, 20, 21, 22, 24, 27, 71, 72, 74, 75, 76, 78, 79, 81, 82, 84, 87, 88, 89, 92, 93, 94, 95, 97, 98, 99, 102, 103, 104, 106], "excluded_lines": [], "start_line": 16}, "": {"executed_lines": [], "summary": {"covered_lines": 0, "num_statements": 10, "percent_covered": 0.0, "percent_covered_display": "0", "missing_lines": 10, "excluded_lines": 9, "percent_statements_covered": 0.0, "percent_statements_covered_display": "0"}, "missing_lines": [5, 6, 8, 9, 10, 11, 12, 13, 14, 16], "excluded_lines": [108, 109, 110, 111, 113, 114, 115, 116, 118], "start_line": 1}}, "classes": {"": {"executed_lines": [], "summary": {"covered_lines": 0, "num_statements": 40, "percent_covered": 0.0, "percent_covered_display": "0", "missing_lines": 40, "excluded_lines": 9, "percent_statements_covered": 0.0, "percent_statements_covered_display": "0"}, "missing_lines": [5, 6, 8, 9, 10, 11, 12, 13, 14, 16, 19, 20, 21, 22, 24, 27, 71, 72, 74, 75, 76, 78, 79, 81, 82, 84, 87, 88, 89, 92, 93, 94, 95, 97, 98, 99, 102, 103, 104, 106], "excluded_lines": [108, 109, 110, 111, 113, 114, 115, 116, 118], "start_line": 1}}}, "validators\\__init__.py": {"executed_lines": [], "summary": {"covered_lines": 0, "num_statements": 3, "percent_covered": 0.0, "percent_covered_display": "0", "missing_lines": 3, "excluded_lines": 0, "percent_statements_covered": 0.0, "percent_statements_covered_display": "0"}, "missing_lines": [3, 4, 6], "excluded_lines": [], "functions": {"": {"executed_lines": [], "summary": {"covered_lines": 0, "num_statements": 3, "percent_covered": 0.0, "percent_covered_display": "0", "missing_lines": 3, "excluded_lines": 0, "percent_statements_covered": 0.0, "percent_statements_covered_display": "0"}, "missing_lines": [3, 4, 6], "excluded_lines": [], "start_line": 1}}, "classes": {"": {"executed_lines": [], "summary": {"covered_lines": 0, "num_statements": 3, "percent_covered": 0.0, "percent_covered_display": "0", "missing_lines": 3, "excluded_lines": 0, "percent_statements_covered": 0.0, "percent_statements_covered_display": "0"}, "missing_lines": [3, 4, 6], "excluded_lines": [], "start_line": 1}}}, "validators\\ieee_validator.py": {"executed_lines": [], "summary": {"covered_lines": 0, "num_statements": 63, "percent_covered": 0.0, "percent_covered_display": "0", "missing_lines": 63, "excluded_lines": 0, "percent_statements_covered": 0.0, "percent_statements_covered_display": "0"}, "missing_lines": [8, 9, 10, 12, 15, 16, 17, 18, 19, 20, 21, 22, 23, 27, 35, 42, 53, 55, 58, 60, 63, 65, 68, 72, 73, 74, 75, 77, 79, 80, 81, 82, 83, 84, 86, 89, 90, 91, 92, 94, 96, 97, 98, 99, 102, 103, 105, 107, 118, 120, 121, 122, 123, 125, 126, 127, 129, 130, 131, 133, 134, 135, 137], "excluded_lines": [], "functions": {"validate_hrs": {"executed_lines": [], "summary": {"covered_lines": 0, "num_statements": 1, "percent_covered": 0.0, "percent_covered_display": "0", "missing_lines": 1, "excluded_lines": 0, "percent_statements_covered": 0.0, "percent_statements_covered_display": "0"}, "missing_lines": [55], "excluded_lines": [], "start_line": 53}, "validate_srs": {"executed_lines": [], "summary": {"covered_lines": 0, "num_statements": 1, "percent_covered": 0.0, "percent_covered_display": "0", "missing_lines": 1, "excluded_lines": 0, "percent_statements_covered": 0.0, "percent_statements_covered_display": "0"}, "missing_lines": [60], "excluded_lines": [], "start_line": 58}, "validate_sdd": {"executed_lines": [], "summary": {"covered_lines": 0, "num_statements": 1, "percent_covered": 0.0, "percent_covered_display": "0", "missing_lines": 1, "excluded_lines": 0, "percent_statements_covered": 0.0, "percent_statements_covered_display": "0"}, "missing_lines": [65], "excluded_lines": [], "start_line": 63}, "_validate_document": {"executed_lines": [], "summary": {"covered_lines": 0, "num_statements": 25, "percent_covered": 0.0, "percent_covered_display": "0", "missing_lines": 25, "excluded_lines": 0, "percent_statements_covered": 0.0, "percent_statements_covered_display": "0"}, "missing_lines": [72, 73, 74, 75, 77, 79, 80, 81, 82, 83, 84, 86, 89, 90, 91, 92, 94, 96, 97, 98, 99, 102, 103, 105, 107], "excluded_lines": [], "start_line": 68}, "validate_all": {"executed_lines": [], "summary": {"covered_lines": 0, "num_statements": 14, "percent_covered": 0.0, "percent_covered_display": "0", "missing_lines": 14, "excluded_lines": 0, "percent_statements_covered": 0.0, "percent_statements_covered_display": "0"}, "missing_lines": [120, 121, 122, 123, 125, 126, 127, 129, 130, 131, 133, 134, 135, 137], "excluded_lines": [], "start_line": 118}, "": {"executed_lines": [], "summary": {"covered_lines": 0, "num_statements": 21, "percent_covered": 0.0, "percent_covered_display": "0", "missing_lines": 21, "excluded_lines": 0, "percent_statements_covered": 0.0, "percent_statements_covered_display": "0"}, "missing_lines": [8, 9, 10, 12, 15, 16, 17, 18, 19, 20, 21, 22, 23, 27, 35, 42, 53, 58, 63, 68, 118], "excluded_lines": [], "start_line": 1}}, "classes": {"ValidationResult": {"executed_lines": [], "summary": {"covered_lines": 0, "num_statements": 0, "percent_covered": 100.0, "percent_covered_display": "100", "missing_lines": 0, "excluded_lines": 0, "percent_statements_covered": 100.0, "percent_statements_covered_display": "100"}, "missing_lines": [], "excluded_lines": [], "start_line": 16}, "": {"executed_lines": [], "summary": {"covered_lines": 0, "num_statements": 63, "percent_covered": 0.0, "percent_covered_display": "0", "missing_lines": 63, "excluded_lines": 0, "percent_statements_covered": 0.0, "percent_statements_covered_display": "0"}, "missing_lines": [8, 9, 10, 12, 15, 16, 17, 18, 19, 20, 21, 22, 23, 27, 35, 42, 53, 55, 58, 60, 63, 65, 68, 72, 73, 74, 75, 77, 79, 80, 81, 82, 83, 84, 86, 89, 90, 91, 92, 94, 96, 97, 98, 99, 102, 103, 105, 107, 118, 120, 121, 122, 123, 125, 126, 127, 129, 130, 131, 133, 134, 135, 137], "excluded_lines": [], "start_line": 1}}}, "validators\\netlist_validator.py": {"executed_lines": [], "summary": {"covered_lines": 0, "num_statements": 79, "percent_covered": 0.0, "percent_covered_display": "0", "missing_lines": 79, "excluded_lines": 0, "percent_statements_covered": 0.0, "percent_statements_covered_display": "0"}, "missing_lines": [3, 4, 6, 8, 9, 10, 11, 12, 13, 16, 19, 20, 21, 22, 23, 25, 27, 28, 29, 31, 32, 35, 38, 39, 40, 41, 42, 44, 52, 54, 55, 57, 59, 60, 62, 63, 70, 72, 74, 75, 77, 78, 79, 80, 81, 82, 83, 85, 87, 88, 90, 91, 92, 93, 95, 97, 98, 100, 101, 102, 104, 106, 108, 110, 113, 115, 117, 118, 120, 121, 122, 123, 125, 131, 132, 134, 135, 137, 138], "excluded_lines": [], "functions": {"NetlistValidator.__init__": {"executed_lines": [], "summary": {"covered_lines": 0, "num_statements": 4, "percent_covered": 0.0, "percent_covered_display": "0", "missing_lines": 4, "excluded_lines": 0, "percent_statements_covered": 0.0, "percent_statements_covered_display": "0"}, "missing_lines": [20, 21, 22, 23], "excluded_lines": [], "start_line": 19}, "NetlistValidator.validate": {"executed_lines": [], "summary": {"covered_lines": 0, "num_statements": 12, "percent_covered": 0.0, "percent_covered_display": "0", "missing_lines": 12, "excluded_lines": 0, "percent_statements_covered": 0.0, "percent_statements_covered_display": "0"}, "missing_lines": [27, 28, 29, 31, 32, 35, 38, 39, 40, 41, 42, 44], "excluded_lines": [], "start_line": 25}, "NetlistValidator._build_graph": {"executed_lines": [], "summary": {"covered_lines": 0, "num_statements": 8, "percent_covered": 0.0, "percent_covered_display": "0", "missing_lines": 8, "excluded_lines": 0, "percent_statements_covered": 0.0, "percent_statements_covered_display": "0"}, "missing_lines": [54, 55, 57, 59, 60, 62, 63, 70], "excluded_lines": [], "start_line": 52}, "NetlistValidator._check_cycles": {"executed_lines": [], "summary": {"covered_lines": 0, "num_statements": 9, "percent_covered": 0.0, "percent_covered_display": "0", "missing_lines": 9, "excluded_lines": 0, "percent_statements_covered": 0.0, "percent_statements_covered_display": "0"}, "missing_lines": [74, 75, 77, 78, 79, 80, 81, 82, 83], "excluded_lines": [], "start_line": 72}, "NetlistValidator._check_isolated_nodes": {"executed_lines": [], "summary": {"covered_lines": 0, "num_statements": 6, "percent_covered": 0.0, "percent_covered_display": "0", "missing_lines": 6, "excluded_lines": 0, "percent_statements_covered": 0.0, "percent_statements_covered_display": "0"}, "missing_lines": [87, 88, 90, 91, 92, 93], "excluded_lines": [], "start_line": 85}, "NetlistValidator._check_connectivity": {"executed_lines": [], "summary": {"covered_lines": 0, "num_statements": 5, "percent_covered": 0.0, "percent_covered_display": "0", "missing_lines": 5, "excluded_lines": 0, "percent_statements_covered": 0.0, "percent_statements_covered_display": "0"}, "missing_lines": [97, 98, 100, 101, 102], "excluded_lines": [], "start_line": 95}, "NetlistValidator._check_pin_compatibility": {"executed_lines": [], "summary": {"covered_lines": 0, "num_statements": 2, "percent_covered": 0.0, "percent_covered_display": "0", "missing_lines": 2, "excluded_lines": 0, "percent_statements_covered": 0.0, "percent_statements_covered_display": "0"}, "missing_lines": [106, 108], "excluded_lines": [], "start_line": 104}, "NetlistValidator._check_power_domains": {"executed_lines": [], "summary": {"covered_lines": 0, "num_statements": 1, "percent_covered": 0.0, "percent_covered_display": "0", "missing_lines": 1, "excluded_lines": 0, "percent_statements_covered": 0.0, "percent_statements_covered_display": "0"}, "missing_lines": [113], "excluded_lines": [], "start_line": 110}, "NetlistValidator._get_stats": {"executed_lines": [], "summary": {"covered_lines": 0, "num_statements": 7, "percent_covered": 0.0, "percent_covered_display": "0", "missing_lines": 7, "excluded_lines": 0, "percent_statements_covered": 0.0, "percent_statements_covered_display": "0"}, "missing_lines": [117, 118, 120, 121, 122, 123, 125], "excluded_lines": [], "start_line": 115}, "NetlistValidator._add_error": {"executed_lines": [], "summary": {"covered_lines": 0, "num_statements": 1, "percent_covered": 0.0, "percent_covered_display": "0", "missing_lines": 1, "excluded_lines": 0, "percent_statements_covered": 0.0, "percent_statements_covered_display": "0"}, "missing_lines": [132], "excluded_lines": [], "start_line": 131}, "NetlistValidator._add_warning": {"executed_lines": [], "summary": {"covered_lines": 0, "num_statements": 1, "percent_covered": 0.0, "percent_covered_display": "0", "missing_lines": 1, "excluded_lines": 0, "percent_statements_covered": 0.0, "percent_statements_covered_display": "0"}, "missing_lines": [135], "excluded_lines": [], "start_line": 134}, "NetlistValidator._add_info": {"executed_lines": [], "summary": {"covered_lines": 0, "num_statements": 1, "percent_covered": 0.0, "percent_covered_display": "0", "missing_lines": 1, "excluded_lines": 0, "percent_statements_covered": 0.0, "percent_statements_covered_display": "0"}, "missing_lines": [138], "excluded_lines": [], "start_line": 137}, "": {"executed_lines": [], "summary": {"covered_lines": 0, "num_statements": 22, "percent_covered": 0.0, "percent_covered_display": "0", "missing_lines": 22, "excluded_lines": 0, "percent_statements_covered": 0.0, "percent_statements_covered_display": "0"}, "missing_lines": [3, 4, 6, 8, 9, 10, 11, 12, 13, 16, 19, 25, 52, 72, 85, 95, 104, 110, 115, 131, 134, 137], "excluded_lines": [], "start_line": 1}}, "classes": {"NetlistValidator": {"executed_lines": [], "summary": {"covered_lines": 0, "num_statements": 57, "percent_covered": 0.0, "percent_covered_display": "0", "missing_lines": 57, "excluded_lines": 0, "percent_statements_covered": 0.0, "percent_statements_covered_display": "0"}, "missing_lines": [20, 21, 22, 23, 27, 28, 29, 31, 32, 35, 38, 39, 40, 41, 42, 44, 54, 55, 57, 59, 60, 62, 63, 70, 74, 75, 77, 78, 79, 80, 81, 82, 83, 87, 88, 90, 91, 92, 93, 97, 98, 100, 101, 102, 106, 108, 113, 117, 118, 120, 121, 122, 123, 125, 132, 135, 138], "excluded_lines": [], "start_line": 16}, "": {"executed_lines": [], "summary": {"covered_lines": 0, "num_statements": 22, "percent_covered": 0.0, "percent_covered_display": "0", "missing_lines": 22, "excluded_lines": 0, "percent_statements_covered": 0.0, "percent_statements_covered_display": "0"}, "missing_lines": [3, 4, 6, 8, 9, 10, 11, 12, 13, 16, 19, 25, 52, 72, 85, 95, 104, 110, 115, 131, 134, 137], "excluded_lines": [], "start_line": 1}}}}, "totals": {"covered_lines": 498, "num_statements": 15766, "percent_covered": 3.1586959279462135, "percent_covered_display": "3", "missing_lines": 15268, "excluded_lines": 83, "percent_statements_covered": 3.1586959279462135, "percent_statements_covered_display": "3"}}